{"/Users/Yemisi/Desktop/lendsqr/lendsqr-dashboard/src/App.tsx": {"path":"/Users/Yemisi/Desktop/lendsqr/lendsqr-dashboard/src/App.tsx","statementMap":{"0":{"start":{"line":4,"column":2},"end":{"line":4,"column":null}}},"fnMap":{"0":{"name":"App","decl":{"start":{"line":3,"column":9},"end":{"line":3,"column":15}},"loc":{"start":{"line":3,"column":15},"end":{"line":5,"column":null}}}},"branchMap":{},"s":{"0":0},"f":{"0":0},"b":{}}
,"/Users/Yemisi/Desktop/lendsqr/lendsqr-dashboard/src/main.tsx": {"path":"/Users/Yemisi/Desktop/lendsqr/lendsqr-dashboard/src/main.tsx","statementMap":{"0":{"start":{"line":11,"column":0},"end":{"line":22,"column":null}}},"fnMap":{},"branchMap":{},"s":{"0":0},"f":{},"b":{}}
,"/Users/Yemisi/Desktop/lendsqr/lendsqr-dashboard/src/routes.tsx": {"path":"/Users/Yemisi/Desktop/lendsqr/lendsqr-dashboard/src/routes.tsx","statementMap":{"0":{"start":{"line":9,"column":60},"end":{"line":13,"column":null}},"1":{"start":{"line":10,"column":30},"end":{"line":10,"column":null}},"2":{"start":{"line":12,"column":2},"end":{"line":12,"column":null}},"3":{"start":{"line":15,"column":28},"end":{"line":33,"column":null}},"4":{"start":{"line":16,"column":2},"end":{"line":31,"column":null}}},"fnMap":{"0":{"name":"(anonymous_0)","decl":{"start":{"line":9,"column":60},"end":{"line":9,"column":61}},"loc":{"start":{"line":9,"column":78},"end":{"line":13,"column":null}}},"1":{"name":"(anonymous_1)","decl":{"start":{"line":15,"column":28},"end":{"line":15,"column":34}},"loc":{"start":{"line":15,"column":34},"end":{"line":33,"column":null}}}},"branchMap":{"0":{"loc":{"start":{"line":12,"column":9},"end":{"line":12,"column":null}},"type":"cond-expr","locations":[{"start":{"line":12,"column":27},"end":{"line":12,"column":38}},{"start":{"line":12,"column":38},"end":{"line":12,"column":null}}]}},"s":{"0":0,"1":0,"2":0,"3":0,"4":0},"f":{"0":0,"1":0},"b":{"0":[0,0]}}
,"/Users/Yemisi/Desktop/lendsqr/lendsqr-dashboard/src/Icons/ActivateUser.tsx": {"path":"/Users/Yemisi/Desktop/lendsqr/lendsqr-dashboard/src/Icons/ActivateUser.tsx","statementMap":{"0":{"start":{"line":1,"column":32},"end":{"line":25,"column":null}},"1":{"start":{"line":2,"column":2},"end":{"line":23,"column":null}}},"fnMap":{"0":{"name":"(anonymous_0)","decl":{"start":{"line":1,"column":32},"end":{"line":1,"column":38}},"loc":{"start":{"line":1,"column":38},"end":{"line":25,"column":null}}}},"branchMap":{},"s":{"0":3,"1":4},"f":{"0":4},"b":{}}
,"/Users/Yemisi/Desktop/lendsqr/lendsqr-dashboard/src/Icons/ActiveUser.tsx": {"path":"/Users/Yemisi/Desktop/lendsqr/lendsqr-dashboard/src/Icons/ActiveUser.tsx","statementMap":{"0":{"start":{"line":1,"column":30},"end":{"line":25,"column":null}},"1":{"start":{"line":2,"column":2},"end":{"line":23,"column":null}}},"fnMap":{"0":{"name":"(anonymous_0)","decl":{"start":{"line":1,"column":30},"end":{"line":1,"column":36}},"loc":{"start":{"line":1,"column":36},"end":{"line":25,"column":null}}}},"branchMap":{},"s":{"0":5,"1":1},"f":{"0":1},"b":{}}
,"/Users/Yemisi/Desktop/lendsqr/lendsqr-dashboard/src/Icons/Back.tsx": {"path":"/Users/Yemisi/Desktop/lendsqr/lendsqr-dashboard/src/Icons/Back.tsx","statementMap":{"0":{"start":{"line":1,"column":24},"end":{"line":16,"column":null}},"1":{"start":{"line":2,"column":2},"end":{"line":14,"column":null}}},"fnMap":{"0":{"name":"(anonymous_0)","decl":{"start":{"line":1,"column":24},"end":{"line":1,"column":30}},"loc":{"start":{"line":1,"column":30},"end":{"line":16,"column":null}}}},"branchMap":{},"s":{"0":1,"1":5},"f":{"0":5},"b":{}}
,"/Users/Yemisi/Desktop/lendsqr/lendsqr-dashboard/src/Icons/BadgePercent.tsx": {"path":"/Users/Yemisi/Desktop/lendsqr/lendsqr-dashboard/src/Icons/BadgePercent.tsx","statementMap":{"0":{"start":{"line":1,"column":32},"end":{"line":28,"column":null}},"1":{"start":{"line":2,"column":2},"end":{"line":26,"column":null}}},"fnMap":{"0":{"name":"(anonymous_0)","decl":{"start":{"line":1,"column":32},"end":{"line":1,"column":38}},"loc":{"start":{"line":1,"column":38},"end":{"line":28,"column":null}}}},"branchMap":{},"s":{"0":0,"1":0},"f":{"0":0},"b":{}}
,"/Users/Yemisi/Desktop/lendsqr/lendsqr-dashboard/src/Icons/BlackListUser.tsx": {"path":"/Users/Yemisi/Desktop/lendsqr/lendsqr-dashboard/src/Icons/BlackListUser.tsx","statementMap":{"0":{"start":{"line":1,"column":33},"end":{"line":18,"column":null}},"1":{"start":{"line":2,"column":2},"end":{"line":16,"column":null}}},"fnMap":{"0":{"name":"(anonymous_0)","decl":{"start":{"line":1,"column":33},"end":{"line":1,"column":39}},"loc":{"start":{"line":1,"column":39},"end":{"line":18,"column":null}}}},"branchMap":{},"s":{"0":3,"1":4},"f":{"0":4},"b":{}}
,"/Users/Yemisi/Desktop/lendsqr/lendsqr-dashboard/src/Icons/BriefCase.tsx": {"path":"/Users/Yemisi/Desktop/lendsqr/lendsqr-dashboard/src/Icons/BriefCase.tsx","statementMap":{"0":{"start":{"line":1,"column":29},"end":{"line":21,"column":null}},"1":{"start":{"line":2,"column":2},"end":{"line":19,"column":null}}},"fnMap":{"0":{"name":"(anonymous_0)","decl":{"start":{"line":1,"column":29},"end":{"line":1,"column":35}},"loc":{"start":{"line":1,"column":35},"end":{"line":21,"column":null}}}},"branchMap":{},"s":{"0":0,"1":0},"f":{"0":0},"b":{}}
,"/Users/Yemisi/Desktop/lendsqr/lendsqr-dashboard/src/Icons/ChartBar.tsx": {"path":"/Users/Yemisi/Desktop/lendsqr/lendsqr-dashboard/src/Icons/ChartBar.tsx","statementMap":{"0":{"start":{"line":1,"column":28},"end":{"line":21,"column":null}},"1":{"start":{"line":2,"column":2},"end":{"line":19,"column":null}}},"fnMap":{"0":{"name":"(anonymous_0)","decl":{"start":{"line":1,"column":28},"end":{"line":1,"column":34}},"loc":{"start":{"line":1,"column":34},"end":{"line":21,"column":null}}}},"branchMap":{},"s":{"0":0,"1":0},"f":{"0":0},"b":{}}
,"/Users/Yemisi/Desktop/lendsqr/lendsqr-dashboard/src/Icons/ChevronDown.tsx": {"path":"/Users/Yemisi/Desktop/lendsqr/lendsqr-dashboard/src/Icons/ChevronDown.tsx","statementMap":{"0":{"start":{"line":1,"column":31},"end":{"line":16,"column":null}},"1":{"start":{"line":2,"column":2},"end":{"line":14,"column":null}}},"fnMap":{"0":{"name":"(anonymous_0)","decl":{"start":{"line":1,"column":31},"end":{"line":1,"column":37}},"loc":{"start":{"line":1,"column":37},"end":{"line":16,"column":null}}}},"branchMap":{},"s":{"0":3,"1":10},"f":{"0":10},"b":{}}
,"/Users/Yemisi/Desktop/lendsqr/lendsqr-dashboard/src/Icons/ChevronLeft.tsx": {"path":"/Users/Yemisi/Desktop/lendsqr/lendsqr-dashboard/src/Icons/ChevronLeft.tsx","statementMap":{"0":{"start":{"line":2,"column":2},"end":{"line":16,"column":null}}},"fnMap":{"0":{"name":"ChevronLeftIcon","decl":{"start":{"line":1,"column":24},"end":{"line":1,"column":42}},"loc":{"start":{"line":1,"column":42},"end":{"line":18,"column":null}}}},"branchMap":{},"s":{"0":10},"f":{"0":10},"b":{}}
,"/Users/Yemisi/Desktop/lendsqr/lendsqr-dashboard/src/Icons/ChevronRight.tsx": {"path":"/Users/Yemisi/Desktop/lendsqr/lendsqr-dashboard/src/Icons/ChevronRight.tsx","statementMap":{"0":{"start":{"line":2,"column":2},"end":{"line":14,"column":null}}},"fnMap":{"0":{"name":"ChevronRightIcon","decl":{"start":{"line":1,"column":24},"end":{"line":1,"column":43}},"loc":{"start":{"line":1,"column":43},"end":{"line":16,"column":null}}}},"branchMap":{},"s":{"0":10},"f":{"0":10},"b":{}}
,"/Users/Yemisi/Desktop/lendsqr/lendsqr-dashboard/src/Icons/ClipBoardList.tsx": {"path":"/Users/Yemisi/Desktop/lendsqr/lendsqr-dashboard/src/Icons/ClipBoardList.tsx","statementMap":{"0":{"start":{"line":1,"column":33},"end":{"line":28,"column":null}},"1":{"start":{"line":2,"column":2},"end":{"line":26,"column":null}}},"fnMap":{"0":{"name":"(anonymous_0)","decl":{"start":{"line":1,"column":33},"end":{"line":1,"column":39}},"loc":{"start":{"line":1,"column":39},"end":{"line":28,"column":null}}}},"branchMap":{},"s":{"0":0,"1":0},"f":{"0":0},"b":{}}
,"/Users/Yemisi/Desktop/lendsqr/lendsqr-dashboard/src/Icons/CoinsSolid.tsx": {"path":"/Users/Yemisi/Desktop/lendsqr/lendsqr-dashboard/src/Icons/CoinsSolid.tsx","statementMap":{"0":{"start":{"line":1,"column":30},"end":{"line":23,"column":null}},"1":{"start":{"line":2,"column":2},"end":{"line":21,"column":null}}},"fnMap":{"0":{"name":"(anonymous_0)","decl":{"start":{"line":1,"column":30},"end":{"line":1,"column":36}},"loc":{"start":{"line":1,"column":36},"end":{"line":23,"column":null}}}},"branchMap":{},"s":{"0":0,"1":0},"f":{"0":0},"b":{}}
,"/Users/Yemisi/Desktop/lendsqr/lendsqr-dashboard/src/Icons/Dropdown.tsx": {"path":"/Users/Yemisi/Desktop/lendsqr/lendsqr-dashboard/src/Icons/Dropdown.tsx","statementMap":{"0":{"start":{"line":1,"column":28},"end":{"line":18,"column":null}},"1":{"start":{"line":2,"column":2},"end":{"line":16,"column":null}}},"fnMap":{"0":{"name":"(anonymous_0)","decl":{"start":{"line":1,"column":28},"end":{"line":1,"column":34}},"loc":{"start":{"line":1,"column":34},"end":{"line":18,"column":null}}}},"branchMap":{},"s":{"0":1,"1":9},"f":{"0":9},"b":{}}
,"/Users/Yemisi/Desktop/lendsqr/lendsqr-dashboard/src/Icons/Elipsis.tsx": {"path":"/Users/Yemisi/Desktop/lendsqr/lendsqr-dashboard/src/Icons/Elipsis.tsx","statementMap":{"0":{"start":{"line":1,"column":28},"end":{"line":16,"column":null}},"1":{"start":{"line":2,"column":2},"end":{"line":14,"column":null}}},"fnMap":{"0":{"name":"(anonymous_0)","decl":{"start":{"line":1,"column":28},"end":{"line":1,"column":34}},"loc":{"start":{"line":1,"column":34},"end":{"line":16,"column":null}}}},"branchMap":{},"s":{"0":3,"1":13},"f":{"0":13},"b":{}}
,"/Users/Yemisi/Desktop/lendsqr/lendsqr-dashboard/src/Icons/Export.tsx": {"path":"/Users/Yemisi/Desktop/lendsqr/lendsqr-dashboard/src/Icons/Export.tsx","statementMap":{"0":{"start":{"line":1,"column":26},"end":{"line":36,"column":null}},"1":{"start":{"line":2,"column":2},"end":{"line":34,"column":null}}},"fnMap":{"0":{"name":"(anonymous_0)","decl":{"start":{"line":1,"column":26},"end":{"line":1,"column":32}},"loc":{"start":{"line":1,"column":32},"end":{"line":36,"column":null}}}},"branchMap":{},"s":{"0":0,"1":0},"f":{"0":0},"b":{}}
,"/Users/Yemisi/Desktop/lendsqr/lendsqr-dashboard/src/Icons/Filter.tsx": {"path":"/Users/Yemisi/Desktop/lendsqr/lendsqr-dashboard/src/Icons/Filter.tsx","statementMap":{"0":{"start":{"line":1,"column":26},"end":{"line":16,"column":null}},"1":{"start":{"line":2,"column":2},"end":{"line":14,"column":null}}},"fnMap":{"0":{"name":"(anonymous_0)","decl":{"start":{"line":1,"column":26},"end":{"line":1,"column":32}},"loc":{"start":{"line":1,"column":32},"end":{"line":16,"column":null}}}},"branchMap":{},"s":{"0":2,"1":30},"f":{"0":30},"b":{}}
,"/Users/Yemisi/Desktop/lendsqr/lendsqr-dashboard/src/Icons/Galaxy.tsx": {"path":"/Users/Yemisi/Desktop/lendsqr/lendsqr-dashboard/src/Icons/Galaxy.tsx","statementMap":{"0":{"start":{"line":1,"column":26},"end":{"line":28,"column":null}},"1":{"start":{"line":2,"column":2},"end":{"line":26,"column":null}}},"fnMap":{"0":{"name":"(anonymous_0)","decl":{"start":{"line":1,"column":26},"end":{"line":1,"column":32}},"loc":{"start":{"line":1,"column":32},"end":{"line":28,"column":null}}}},"branchMap":{},"s":{"0":0,"1":0},"f":{"0":0},"b":{}}
,"/Users/Yemisi/Desktop/lendsqr/lendsqr-dashboard/src/Icons/GroupHome.tsx": {"path":"/Users/Yemisi/Desktop/lendsqr/lendsqr-dashboard/src/Icons/GroupHome.tsx","statementMap":{"0":{"start":{"line":1,"column":29},"end":{"line":66,"column":null}},"1":{"start":{"line":2,"column":2},"end":{"line":64,"column":null}}},"fnMap":{"0":{"name":"(anonymous_0)","decl":{"start":{"line":1,"column":29},"end":{"line":1,"column":35}},"loc":{"start":{"line":1,"column":35},"end":{"line":66,"column":null}}}},"branchMap":{},"s":{"0":0,"1":0},"f":{"0":0},"b":{}}
,"/Users/Yemisi/Desktop/lendsqr/lendsqr-dashboard/src/Icons/GroupSlack.tsx": {"path":"/Users/Yemisi/Desktop/lendsqr/lendsqr-dashboard/src/Icons/GroupSlack.tsx","statementMap":{"0":{"start":{"line":1,"column":30},"end":{"line":46,"column":null}},"1":{"start":{"line":2,"column":2},"end":{"line":44,"column":null}}},"fnMap":{"0":{"name":"(anonymous_0)","decl":{"start":{"line":1,"column":30},"end":{"line":1,"column":36}},"loc":{"start":{"line":1,"column":36},"end":{"line":46,"column":null}}}},"branchMap":{},"s":{"0":0,"1":0},"f":{"0":0},"b":{}}
,"/Users/Yemisi/Desktop/lendsqr/lendsqr-dashboard/src/Icons/HandShake.tsx": {"path":"/Users/Yemisi/Desktop/lendsqr/lendsqr-dashboard/src/Icons/HandShake.tsx","statementMap":{"0":{"start":{"line":1,"column":29},"end":{"line":16,"column":null}},"1":{"start":{"line":2,"column":2},"end":{"line":14,"column":null}}},"fnMap":{"0":{"name":"(anonymous_0)","decl":{"start":{"line":1,"column":29},"end":{"line":1,"column":35}},"loc":{"start":{"line":1,"column":35},"end":{"line":16,"column":null}}}},"branchMap":{},"s":{"0":0,"1":0},"f":{"0":0},"b":{}}
,"/Users/Yemisi/Desktop/lendsqr/lendsqr-dashboard/src/Icons/Home.tsx": {"path":"/Users/Yemisi/Desktop/lendsqr/lendsqr-dashboard/src/Icons/Home.tsx","statementMap":{"0":{"start":{"line":1,"column":24},"end":{"line":28,"column":null}},"1":{"start":{"line":2,"column":2},"end":{"line":26,"column":null}}},"fnMap":{"0":{"name":"(anonymous_0)","decl":{"start":{"line":1,"column":24},"end":{"line":1,"column":30}},"loc":{"start":{"line":1,"column":30},"end":{"line":28,"column":null}}}},"branchMap":{},"s":{"0":0,"1":0},"f":{"0":0},"b":{}}
,"/Users/Yemisi/Desktop/lendsqr/lendsqr-dashboard/src/Icons/Logout.tsx": {"path":"/Users/Yemisi/Desktop/lendsqr/lendsqr-dashboard/src/Icons/Logout.tsx","statementMap":{"0":{"start":{"line":1,"column":26},"end":{"line":28,"column":null}},"1":{"start":{"line":2,"column":2},"end":{"line":26,"column":null}}},"fnMap":{"0":{"name":"(anonymous_0)","decl":{"start":{"line":1,"column":26},"end":{"line":1,"column":32}},"loc":{"start":{"line":1,"column":32},"end":{"line":28,"column":null}}}},"branchMap":{},"s":{"0":0,"1":0},"f":{"0":0},"b":{}}
,"/Users/Yemisi/Desktop/lendsqr/lendsqr-dashboard/src/Icons/Menu.tsx": {"path":"/Users/Yemisi/Desktop/lendsqr/lendsqr-dashboard/src/Icons/Menu.tsx","statementMap":{"0":{"start":{"line":2,"column":2},"end":{"line":16,"column":null}}},"fnMap":{"0":{"name":"MenuIcon","decl":{"start":{"line":1,"column":24},"end":{"line":1,"column":35}},"loc":{"start":{"line":1,"column":35},"end":{"line":18,"column":null}}}},"branchMap":{},"s":{"0":4},"f":{"0":4},"b":{}}
,"/Users/Yemisi/Desktop/lendsqr/lendsqr-dashboard/src/Icons/Notification.tsx": {"path":"/Users/Yemisi/Desktop/lendsqr/lendsqr-dashboard/src/Icons/Notification.tsx","statementMap":{"0":{"start":{"line":1,"column":32},"end":{"line":18,"column":null}},"1":{"start":{"line":2,"column":2},"end":{"line":16,"column":null}}},"fnMap":{"0":{"name":"(anonymous_0)","decl":{"start":{"line":1,"column":32},"end":{"line":1,"column":38}},"loc":{"start":{"line":1,"column":38},"end":{"line":18,"column":null}}}},"branchMap":{},"s":{"0":1,"1":9},"f":{"0":9},"b":{}}
,"/Users/Yemisi/Desktop/lendsqr/lendsqr-dashboard/src/Icons/PiggyBank.tsx": {"path":"/Users/Yemisi/Desktop/lendsqr/lendsqr-dashboard/src/Icons/PiggyBank.tsx","statementMap":{"0":{"start":{"line":1,"column":29},"end":{"line":28,"column":null}},"1":{"start":{"line":2,"column":2},"end":{"line":26,"column":null}}},"fnMap":{"0":{"name":"(anonymous_0)","decl":{"start":{"line":1,"column":29},"end":{"line":1,"column":35}},"loc":{"start":{"line":1,"column":35},"end":{"line":28,"column":null}}}},"branchMap":{},"s":{"0":0,"1":0},"f":{"0":0},"b":{}}
,"/Users/Yemisi/Desktop/lendsqr/lendsqr-dashboard/src/Icons/Scroll.tsx": {"path":"/Users/Yemisi/Desktop/lendsqr/lendsqr-dashboard/src/Icons/Scroll.tsx","statementMap":{"0":{"start":{"line":1,"column":26},"end":{"line":28,"column":null}},"1":{"start":{"line":2,"column":2},"end":{"line":26,"column":null}}},"fnMap":{"0":{"name":"(anonymous_0)","decl":{"start":{"line":1,"column":26},"end":{"line":1,"column":32}},"loc":{"start":{"line":1,"column":32},"end":{"line":28,"column":null}}}},"branchMap":{},"s":{"0":0,"1":0},"f":{"0":0},"b":{}}
,"/Users/Yemisi/Desktop/lendsqr/lendsqr-dashboard/src/Icons/SearchIcon.tsx": {"path":"/Users/Yemisi/Desktop/lendsqr/lendsqr-dashboard/src/Icons/SearchIcon.tsx","statementMap":{"0":{"start":{"line":1,"column":26},"end":{"line":16,"column":null}},"1":{"start":{"line":2,"column":2},"end":{"line":14,"column":null}}},"fnMap":{"0":{"name":"(anonymous_0)","decl":{"start":{"line":1,"column":26},"end":{"line":1,"column":32}},"loc":{"start":{"line":1,"column":32},"end":{"line":16,"column":null}}}},"branchMap":{},"s":{"0":1,"1":9},"f":{"0":9},"b":{}}
,"/Users/Yemisi/Desktop/lendsqr/lendsqr-dashboard/src/Icons/Slack.tsx": {"path":"/Users/Yemisi/Desktop/lendsqr/lendsqr-dashboard/src/Icons/Slack.tsx","statementMap":{"0":{"start":{"line":1,"column":25},"end":{"line":32,"column":null}},"1":{"start":{"line":2,"column":2},"end":{"line":30,"column":null}}},"fnMap":{"0":{"name":"(anonymous_0)","decl":{"start":{"line":1,"column":25},"end":{"line":1,"column":31}},"loc":{"start":{"line":1,"column":31},"end":{"line":32,"column":null}}}},"branchMap":{},"s":{"0":0,"1":0},"f":{"0":0},"b":{}}
,"/Users/Yemisi/Desktop/lendsqr/lendsqr-dashboard/src/Icons/Sliders.tsx": {"path":"/Users/Yemisi/Desktop/lendsqr/lendsqr-dashboard/src/Icons/Sliders.tsx","statementMap":{"0":{"start":{"line":1,"column":27},"end":{"line":28,"column":null}},"1":{"start":{"line":2,"column":2},"end":{"line":26,"column":null}}},"fnMap":{"0":{"name":"(anonymous_0)","decl":{"start":{"line":1,"column":27},"end":{"line":1,"column":33}},"loc":{"start":{"line":1,"column":33},"end":{"line":28,"column":null}}}},"branchMap":{},"s":{"0":0,"1":0},"f":{"0":0},"b":{}}
,"/Users/Yemisi/Desktop/lendsqr/lendsqr-dashboard/src/Icons/User.tsx": {"path":"/Users/Yemisi/Desktop/lendsqr/lendsqr-dashboard/src/Icons/User.tsx","statementMap":{"0":{"start":{"line":1,"column":24},"end":{"line":37,"column":null}},"1":{"start":{"line":2,"column":2},"end":{"line":35,"column":null}}},"fnMap":{"0":{"name":"(anonymous_0)","decl":{"start":{"line":1,"column":24},"end":{"line":1,"column":30}},"loc":{"start":{"line":1,"column":30},"end":{"line":37,"column":null}}}},"branchMap":{},"s":{"0":5,"1":1},"f":{"0":1},"b":{}}
,"/Users/Yemisi/Desktop/lendsqr/lendsqr-dashboard/src/Icons/UserAvatar.tsx": {"path":"/Users/Yemisi/Desktop/lendsqr/lendsqr-dashboard/src/Icons/UserAvatar.tsx","statementMap":{"0":{"start":{"line":1,"column":30},"end":{"line":19,"column":null}},"1":{"start":{"line":2,"column":2},"end":{"line":17,"column":null}}},"fnMap":{"0":{"name":"(anonymous_0)","decl":{"start":{"line":1,"column":30},"end":{"line":1,"column":36}},"loc":{"start":{"line":1,"column":36},"end":{"line":19,"column":null}}}},"branchMap":{},"s":{"0":1,"1":5},"f":{"0":5},"b":{}}
,"/Users/Yemisi/Desktop/lendsqr/lendsqr-dashboard/src/Icons/UserCheck.tsx": {"path":"/Users/Yemisi/Desktop/lendsqr/lendsqr-dashboard/src/Icons/UserCheck.tsx","statementMap":{"0":{"start":{"line":1,"column":29},"end":{"line":28,"column":null}},"1":{"start":{"line":2,"column":2},"end":{"line":26,"column":null}}},"fnMap":{"0":{"name":"(anonymous_0)","decl":{"start":{"line":1,"column":29},"end":{"line":1,"column":35}},"loc":{"start":{"line":1,"column":35},"end":{"line":28,"column":null}}}},"branchMap":{},"s":{"0":0,"1":0},"f":{"0":0},"b":{}}
,"/Users/Yemisi/Desktop/lendsqr/lendsqr-dashboard/src/Icons/UserCog.tsx": {"path":"/Users/Yemisi/Desktop/lendsqr/lendsqr-dashboard/src/Icons/UserCog.tsx","statementMap":{"0":{"start":{"line":1,"column":27},"end":{"line":28,"column":null}},"1":{"start":{"line":2,"column":2},"end":{"line":26,"column":null}}},"fnMap":{"0":{"name":"(anonymous_0)","decl":{"start":{"line":1,"column":27},"end":{"line":1,"column":33}},"loc":{"start":{"line":1,"column":33},"end":{"line":28,"column":null}}}},"branchMap":{},"s":{"0":0,"1":0},"f":{"0":0},"b":{}}
,"/Users/Yemisi/Desktop/lendsqr/lendsqr-dashboard/src/Icons/UserFriends.tsx": {"path":"/Users/Yemisi/Desktop/lendsqr/lendsqr-dashboard/src/Icons/UserFriends.tsx","statementMap":{"0":{"start":{"line":1,"column":31},"end":{"line":21,"column":null}},"1":{"start":{"line":2,"column":2},"end":{"line":19,"column":null}}},"fnMap":{"0":{"name":"(anonymous_0)","decl":{"start":{"line":1,"column":31},"end":{"line":1,"column":37}},"loc":{"start":{"line":1,"column":37},"end":{"line":21,"column":null}}}},"branchMap":{},"s":{"0":0,"1":0},"f":{"0":0},"b":{}}
,"/Users/Yemisi/Desktop/lendsqr/lendsqr-dashboard/src/Icons/UserTimes.tsx": {"path":"/Users/Yemisi/Desktop/lendsqr/lendsqr-dashboard/src/Icons/UserTimes.tsx","statementMap":{"0":{"start":{"line":1,"column":29},"end":{"line":28,"column":null}},"1":{"start":{"line":2,"column":2},"end":{"line":26,"column":null}}},"fnMap":{"0":{"name":"(anonymous_0)","decl":{"start":{"line":1,"column":29},"end":{"line":1,"column":35}},"loc":{"start":{"line":1,"column":35},"end":{"line":28,"column":null}}}},"branchMap":{},"s":{"0":0,"1":0},"f":{"0":0},"b":{}}
,"/Users/Yemisi/Desktop/lendsqr/lendsqr-dashboard/src/Icons/UserWithLoan.tsx": {"path":"/Users/Yemisi/Desktop/lendsqr/lendsqr-dashboard/src/Icons/UserWithLoan.tsx","statementMap":{"0":{"start":{"line":1,"column":32},"end":{"line":29,"column":null}},"1":{"start":{"line":2,"column":2},"end":{"line":27,"column":null}}},"fnMap":{"0":{"name":"(anonymous_0)","decl":{"start":{"line":1,"column":32},"end":{"line":1,"column":38}},"loc":{"start":{"line":1,"column":38},"end":{"line":29,"column":null}}}},"branchMap":{},"s":{"0":5,"1":1},"f":{"0":1},"b":{}}
,"/Users/Yemisi/Desktop/lendsqr/lendsqr-dashboard/src/Icons/UserWithSavings.tsx": {"path":"/Users/Yemisi/Desktop/lendsqr/lendsqr-dashboard/src/Icons/UserWithSavings.tsx","statementMap":{"0":{"start":{"line":1,"column":35},"end":{"line":85,"column":null}},"1":{"start":{"line":2,"column":2},"end":{"line":83,"column":null}}},"fnMap":{"0":{"name":"(anonymous_0)","decl":{"start":{"line":1,"column":35},"end":{"line":1,"column":41}},"loc":{"start":{"line":1,"column":41},"end":{"line":85,"column":null}}}},"branchMap":{},"s":{"0":5,"1":1},"f":{"0":1},"b":{}}
,"/Users/Yemisi/Desktop/lendsqr/lendsqr-dashboard/src/Icons/Users.tsx": {"path":"/Users/Yemisi/Desktop/lendsqr/lendsqr-dashboard/src/Icons/Users.tsx","statementMap":{"0":{"start":{"line":1,"column":24},"end":{"line":21,"column":null}},"1":{"start":{"line":2,"column":2},"end":{"line":19,"column":null}}},"fnMap":{"0":{"name":"(anonymous_0)","decl":{"start":{"line":1,"column":24},"end":{"line":1,"column":30}},"loc":{"start":{"line":1,"column":30},"end":{"line":21,"column":null}}}},"branchMap":{},"s":{"0":0,"1":0},"f":{"0":0},"b":{}}
,"/Users/Yemisi/Desktop/lendsqr/lendsqr-dashboard/src/Icons/ViewUser.tsx": {"path":"/Users/Yemisi/Desktop/lendsqr/lendsqr-dashboard/src/Icons/ViewUser.tsx","statementMap":{"0":{"start":{"line":1,"column":28},"end":{"line":24,"column":null}},"1":{"start":{"line":2,"column":2},"end":{"line":22,"column":null}}},"fnMap":{"0":{"name":"(anonymous_0)","decl":{"start":{"line":1,"column":28},"end":{"line":1,"column":34}},"loc":{"start":{"line":1,"column":34},"end":{"line":24,"column":null}}}},"branchMap":{},"s":{"0":3,"1":4},"f":{"0":4},"b":{}}
,"/Users/Yemisi/Desktop/lendsqr/lendsqr-dashboard/src/components/Filter/FilterInput.tsx": {"path":"/Users/Yemisi/Desktop/lendsqr/lendsqr-dashboard/src/components/Filter/FilterInput.tsx","statementMap":{"0":{"start":{"line":10,"column":27},"end":{"line":52,"column":null}},"1":{"start":{"line":11,"column":42},"end":{"line":11,"column":null}},"2":{"start":{"line":12,"column":23},"end":{"line":12,"column":null}},"3":{"start":{"line":14,"column":27},"end":{"line":16,"column":null}},"4":{"start":{"line":15,"column":4},"end":{"line":15,"column":null}},"5":{"start":{"line":18,"column":26},"end":{"line":22,"column":null}},"6":{"start":{"line":19,"column":4},"end":{"line":21,"column":null}},"7":{"start":{"line":20,"column":6},"end":{"line":20,"column":null}},"8":{"start":{"line":24,"column":2},"end":{"line":50,"column":null}}},"fnMap":{"0":{"name":"(anonymous_0)","decl":{"start":{"line":10,"column":27},"end":{"line":10,"column":28}},"loc":{"start":{"line":10,"column":72},"end":{"line":52,"column":null}}},"1":{"name":"(anonymous_1)","decl":{"start":{"line":14,"column":27},"end":{"line":14,"column":28}},"loc":{"start":{"line":14,"column":71},"end":{"line":16,"column":null}}},"2":{"name":"(anonymous_2)","decl":{"start":{"line":18,"column":26},"end":{"line":18,"column":32}},"loc":{"start":{"line":18,"column":32},"end":{"line":22,"column":null}}}},"branchMap":{"0":{"loc":{"start":{"line":19,"column":4},"end":{"line":21,"column":null}},"type":"if","locations":[{"start":{"line":19,"column":4},"end":{"line":21,"column":null}},{"start":{},"end":{}}]},"1":{"loc":{"start":{"line":27,"column":7},"end":{"line":48,"column":null}},"type":"cond-expr","locations":[{"start":{"line":28,"column":8},"end":{"line":46,"column":null}},{"start":{"line":48,"column":8},"end":{"line":48,"column":null}}]},"2":{"loc":{"start":{"line":37,"column":11},"end":{"line":37,"column":null}},"type":"binary-expr","locations":[{"start":{"line":37,"column":11},"end":{"line":37,"column":28}},{"start":{"line":37,"column":28},"end":{"line":37,"column":null}}]},"3":{"loc":{"start":{"line":38,"column":11},"end":{"line":39,"column":null}},"type":"binary-expr","locations":[{"start":{"line":38,"column":11},"end":{"line":38,"column":null}},{"start":{"line":39,"column":12},"end":{"line":39,"column":null}}]}},"s":{"0":3,"1":28,"2":28,"3":28,"4":0,"5":28,"6":0,"7":0,"8":28},"f":{"0":28,"1":0,"2":0},"b":{"0":[0,0],"1":[7,21],"2":[7,7],"3":[7,0]}}
,"/Users/Yemisi/Desktop/lendsqr/lendsqr-dashboard/src/components/Filter/FilterSelect.tsx": {"path":"/Users/Yemisi/Desktop/lendsqr/lendsqr-dashboard/src/components/Filter/FilterSelect.tsx","statementMap":{"0":{"start":{"line":9,"column":28},"end":{"line":19,"column":null}},"1":{"start":{"line":10,"column":2},"end":{"line":19,"column":null}},"2":{"start":{"line":14,"column":8},"end":{"line":16,"column":null}}},"fnMap":{"0":{"name":"(anonymous_0)","decl":{"start":{"line":9,"column":28},"end":{"line":9,"column":29}},"loc":{"start":{"line":10,"column":2},"end":{"line":19,"column":null}}},"1":{"name":"(anonymous_1)","decl":{"start":{"line":13,"column":19},"end":{"line":13,"column":20}},"loc":{"start":{"line":14,"column":8},"end":{"line":16,"column":null}}}},"branchMap":{},"s":{"0":3,"1":14,"2":54},"f":{"0":14,"1":54},"b":{}}
,"/Users/Yemisi/Desktop/lendsqr/lendsqr-dashboard/src/components/Header/Header.tsx": {"path":"/Users/Yemisi/Desktop/lendsqr/lendsqr-dashboard/src/components/Header/Header.tsx","statementMap":{"0":{"start":{"line":15,"column":38},"end":{"line":87,"column":null}},"1":{"start":{"line":16,"column":40},"end":{"line":16,"column":null}},"2":{"start":{"line":18,"column":2},"end":{"line":85,"column":null}},"3":{"start":{"line":48,"column":31},"end":{"line":48,"column":null}},"4":{"start":{"line":62,"column":27},"end":{"line":62,"column":null}}},"fnMap":{"0":{"name":"(anonymous_0)","decl":{"start":{"line":15,"column":38},"end":{"line":15,"column":39}},"loc":{"start":{"line":15,"column":76},"end":{"line":87,"column":null}}},"1":{"name":"(anonymous_1)","decl":{"start":{"line":48,"column":24},"end":{"line":48,"column":25}},"loc":{"start":{"line":48,"column":31},"end":{"line":48,"column":null}}},"2":{"name":"(anonymous_2)","decl":{"start":{"line":62,"column":20},"end":{"line":62,"column":21}},"loc":{"start":{"line":62,"column":27},"end":{"line":62,"column":null}}}},"branchMap":{"0":{"loc":{"start":{"line":20,"column":7},"end":{"line":55,"column":null}},"type":"binary-expr","locations":[{"start":{"line":20,"column":7},"end":{"line":20,"column":null}},{"start":{"line":21,"column":8},"end":{"line":55,"column":null}}]}},"s":{"0":1,"1":5,"2":5,"3":1,"4":0},"f":{"0":5,"1":1,"2":0},"b":{"0":[5,4]}}
,"/Users/Yemisi/Desktop/lendsqr/lendsqr-dashboard/src/components/Pagination/Pagination.tsx": {"path":"/Users/Yemisi/Desktop/lendsqr/lendsqr-dashboard/src/components/Pagination/Pagination.tsx","statementMap":{"0":{"start":{"line":19,"column":19},"end":{"line":132,"column":null}},"1":{"start":{"line":26,"column":42},"end":{"line":26,"column":null}},"2":{"start":{"line":27,"column":53},"end":{"line":27,"column":null}},"3":{"start":{"line":29,"column":27},"end":{"line":34,"column":null}},"4":{"start":{"line":30,"column":4},"end":{"line":30,"column":null}},"5":{"start":{"line":31,"column":4},"end":{"line":33,"column":null}},"6":{"start":{"line":32,"column":6},"end":{"line":32,"column":null}},"7":{"start":{"line":36,"column":25},"end":{"line":58,"column":null}},"8":{"start":{"line":37,"column":23},"end":{"line":37,"column":null}},"9":{"start":{"line":38,"column":18},"end":{"line":38,"column":null}},"10":{"start":{"line":40,"column":4},"end":{"line":55,"column":null}},"11":{"start":{"line":41,"column":6},"end":{"line":41,"column":null}},"12":{"start":{"line":41,"column":19},"end":{"line":41,"column":22}},"13":{"start":{"line":41,"column":44},"end":{"line":41,"column":null}},"14":{"start":{"line":43,"column":6},"end":{"line":43,"column":null}},"15":{"start":{"line":45,"column":6},"end":{"line":45,"column":null}},"16":{"start":{"line":45,"column":20},"end":{"line":45,"column":null}},"17":{"start":{"line":46,"column":24},"end":{"line":46,"column":null}},"18":{"start":{"line":47,"column":22},"end":{"line":47,"column":null}},"19":{"start":{"line":49,"column":6},"end":{"line":51,"column":null}},"20":{"start":{"line":49,"column":19},"end":{"line":49,"column":30}},"21":{"start":{"line":50,"column":8},"end":{"line":50,"column":null}},"22":{"start":{"line":53,"column":6},"end":{"line":53,"column":null}},"23":{"start":{"line":53,"column":33},"end":{"line":53,"column":null}},"24":{"start":{"line":54,"column":6},"end":{"line":54,"column":null}},"25":{"start":{"line":57,"column":4},"end":{"line":57,"column":null}},"26":{"start":{"line":60,"column":2},"end":{"line":130,"column":null}},"27":{"start":{"line":68,"column":27},"end":{"line":68,"column":null}},"28":{"start":{"line":75,"column":16},"end":{"line":77,"column":null}},"29":{"start":{"line":75,"column":46},"end":{"line":75,"column":null}},"30":{"start":{"line":97,"column":10},"end":{"line":116,"column":null}},"31":{"start":{"line":103,"column":16},"end":{"line":103,"column":null}},"32":{"start":{"line":112,"column":29},"end":{"line":112,"column":null}}},"fnMap":{"0":{"name":"(anonymous_0)","decl":{"start":{"line":19,"column":19},"end":{"line":19,"column":20}},"loc":{"start":{"line":25,"column":23},"end":{"line":132,"column":null}}},"1":{"name":"(anonymous_1)","decl":{"start":{"line":29,"column":27},"end":{"line":29,"column":28}},"loc":{"start":{"line":29,"column":45},"end":{"line":34,"column":null}}},"2":{"name":"(anonymous_2)","decl":{"start":{"line":36,"column":25},"end":{"line":36,"column":31}},"loc":{"start":{"line":36,"column":31},"end":{"line":58,"column":null}}},"3":{"name":"(anonymous_3)","decl":{"start":{"line":68,"column":21},"end":{"line":68,"column":27}},"loc":{"start":{"line":68,"column":27},"end":{"line":68,"column":null}}},"4":{"name":"(anonymous_4)","decl":{"start":{"line":74,"column":49},"end":{"line":74,"column":50}},"loc":{"start":{"line":75,"column":16},"end":{"line":77,"column":null}}},"5":{"name":"(anonymous_5)","decl":{"start":{"line":75,"column":40},"end":{"line":75,"column":46}},"loc":{"start":{"line":75,"column":46},"end":{"line":75,"column":null}}},"6":{"name":"(anonymous_6)","decl":{"start":{"line":96,"column":30},"end":{"line":96,"column":31}},"loc":{"start":{"line":97,"column":10},"end":{"line":116,"column":null}}},"7":{"name":"(anonymous_7)","decl":{"start":{"line":102,"column":23},"end":{"line":102,"column":null}},"loc":{"start":{"line":103,"column":16},"end":{"line":103,"column":null}}},"8":{"name":"(anonymous_8)","decl":{"start":{"line":112,"column":23},"end":{"line":112,"column":29}},"loc":{"start":{"line":112,"column":29},"end":{"line":112,"column":null}}}},"branchMap":{"0":{"loc":{"start":{"line":31,"column":4},"end":{"line":33,"column":null}},"type":"if","locations":[{"start":{"line":31,"column":4},"end":{"line":33,"column":null}},{"start":{},"end":{}}]},"1":{"loc":{"start":{"line":40,"column":4},"end":{"line":55,"column":null}},"type":"if","locations":[{"start":{"line":40,"column":4},"end":{"line":55,"column":null}},{"start":{"line":42,"column":11},"end":{"line":55,"column":null}}]},"2":{"loc":{"start":{"line":45,"column":6},"end":{"line":45,"column":null}},"type":"if","locations":[{"start":{"line":45,"column":6},"end":{"line":45,"column":null}},{"start":{},"end":{}}]},"3":{"loc":{"start":{"line":53,"column":6},"end":{"line":53,"column":null}},"type":"if","locations":[{"start":{"line":53,"column":6},"end":{"line":53,"column":null}},{"start":{},"end":{}}]},"4":{"loc":{"start":{"line":72,"column":11},"end":{"line":79,"column":null}},"type":"binary-expr","locations":[{"start":{"line":72,"column":11},"end":{"line":72,"column":null}},{"start":{"line":73,"column":12},"end":{"line":79,"column":null}}]},"5":{"loc":{"start":{"line":97,"column":10},"end":{"line":116,"column":null}},"type":"cond-expr","locations":[{"start":{"line":98,"column":12},"end":{"line":107,"column":null}},{"start":{"line":109,"column":12},"end":{"line":116,"column":null}}]},"6":{"loc":{"start":{"line":103,"column":33},"end":{"line":103,"column":67}},"type":"cond-expr","locations":[{"start":{"line":103,"column":47},"end":{"line":103,"column":58}},{"start":{"line":103,"column":58},"end":{"line":103,"column":67}}]},"7":{"loc":{"start":{"line":113,"column":25},"end":{"line":113,"column":null}},"type":"cond-expr","locations":[{"start":{"line":113,"column":38},"end":{"line":113,"column":59}},{"start":{"line":113,"column":59},"end":{"line":113,"column":null}}]}},"s":{"0":3,"1":10,"2":10,"3":10,"4":0,"5":0,"6":0,"7":10,"8":10,"9":10,"10":10,"11":5,"12":5,"13":5,"14":5,"15":5,"16":1,"17":5,"18":5,"19":5,"20":5,"21":0,"22":5,"23":4,"24":5,"25":10,"26":10,"27":0,"28":0,"29":0,"30":35,"31":0,"32":0},"f":{"0":10,"1":0,"2":10,"3":0,"4":0,"5":0,"6":35,"7":0,"8":0},"b":{"0":[0,0],"1":[5,5],"2":[1,4],"3":[4,1],"4":[10,0],"5":[5,30],"6":[0,0],"7":[10,20]}}
,"/Users/Yemisi/Desktop/lendsqr/lendsqr-dashboard/src/components/Sidebar/SideBar.tsx": {"path":"/Users/Yemisi/Desktop/lendsqr/lendsqr-dashboard/src/components/Sidebar/SideBar.tsx","statementMap":{"0":{"start":{"line":37,"column":40},"end":{"line":268,"column":null}},"1":{"start":{"line":38,"column":21},"end":{"line":38,"column":null}},"2":{"start":{"line":40,"column":23},"end":{"line":42,"column":null}},"3":{"start":{"line":41,"column":4},"end":{"line":41,"column":null}},"4":{"start":{"line":52,"column":8},"end":{"line":201,"column":null}},"5":{"start":{"line":203,"column":2},"end":{"line":208,"column":null}},"6":{"start":{"line":204,"column":4},"end":{"line":204,"column":null}},"7":{"start":{"line":205,"column":4},"end":{"line":207,"column":null}},"8":{"start":{"line":206,"column":6},"end":{"line":206,"column":null}},"9":{"start":{"line":210,"column":2},"end":{"line":266,"column":null}},"10":{"start":{"line":227,"column":12},"end":{"line":251,"column":null}},"11":{"start":{"line":232,"column":16},"end":{"line":249,"column":null}},"12":{"start":{"line":236,"column":20},"end":{"line":240,"column":null}},"13":{"start":{"line":242,"column":34},"end":{"line":242,"column":null}}},"fnMap":{"0":{"name":"(anonymous_0)","decl":{"start":{"line":37,"column":40},"end":{"line":37,"column":41}},"loc":{"start":{"line":37,"column":78},"end":{"line":268,"column":null}}},"1":{"name":"(anonymous_1)","decl":{"start":{"line":40,"column":23},"end":{"line":40,"column":29}},"loc":{"start":{"line":40,"column":29},"end":{"line":42,"column":null}}},"2":{"name":"(anonymous_2)","decl":{"start":{"line":203,"column":12},"end":{"line":203,"column":18}},"loc":{"start":{"line":203,"column":18},"end":{"line":208,"column":5}}},"3":{"name":"(anonymous_3)","decl":{"start":{"line":205,"column":11},"end":{"line":205,"column":17}},"loc":{"start":{"line":205,"column":17},"end":{"line":207,"column":null}}},"4":{"name":"(anonymous_4)","decl":{"start":{"line":226,"column":28},"end":{"line":226,"column":29}},"loc":{"start":{"line":227,"column":12},"end":{"line":251,"column":null}}},"5":{"name":"(anonymous_5)","decl":{"start":{"line":231,"column":33},"end":{"line":231,"column":34}},"loc":{"start":{"line":232,"column":16},"end":{"line":249,"column":null}}},"6":{"name":"(anonymous_6)","decl":{"start":{"line":235,"column":29},"end":{"line":235,"column":30}},"loc":{"start":{"line":236,"column":20},"end":{"line":240,"column":null}}},"7":{"name":"(anonymous_7)","decl":{"start":{"line":242,"column":27},"end":{"line":242,"column":28}},"loc":{"start":{"line":242,"column":34},"end":{"line":242,"column":null}}}},"branchMap":{"0":{"loc":{"start":{"line":204,"column":35},"end":{"line":204,"column":null}},"type":"cond-expr","locations":[{"start":{"line":204,"column":51},"end":{"line":204,"column":62}},{"start":{"line":204,"column":62},"end":{"line":204,"column":null}}]},"1":{"loc":{"start":{"line":228,"column":15},"end":{"line":229,"column":null}},"type":"binary-expr","locations":[{"start":{"line":228,"column":15},"end":{"line":228,"column":null}},{"start":{"line":229,"column":16},"end":{"line":229,"column":null}}]},"2":{"loc":{"start":{"line":234,"column":22},"end":{"line":234,"column":null}},"type":"cond-expr","locations":[{"start":{"line":234,"column":33},"end":{"line":234,"column":38}},{"start":{"line":234,"column":38},"end":{"line":234,"column":null}}]},"3":{"loc":{"start":{"line":237,"column":39},"end":{"line":237,"column":null}},"type":"binary-expr","locations":[{"start":{"line":237,"column":39},"end":{"line":237,"column":51}},{"start":{"line":237,"column":51},"end":{"line":237,"column":null}}]},"4":{"loc":{"start":{"line":242,"column":34},"end":{"line":242,"column":null}},"type":"binary-expr","locations":[{"start":{"line":242,"column":34},"end":{"line":242,"column":46}},{"start":{"line":242,"column":46},"end":{"line":242,"column":null}}]},"5":{"loc":{"start":{"line":247,"column":21},"end":{"line":247,"column":null}},"type":"binary-expr","locations":[{"start":{"line":247,"column":21},"end":{"line":247,"column":33}},{"start":{"line":247,"column":33},"end":{"line":247,"column":null}}]},"6":{"loc":{"start":{"line":263,"column":7},"end":{"line":264,"column":null}},"type":"binary-expr","locations":[{"start":{"line":263,"column":7},"end":{"line":263,"column":null}},{"start":{"line":264,"column":8},"end":{"line":264,"column":null}}]}},"s":{"0":0,"1":0,"2":0,"3":0,"4":0,"5":0,"6":0,"7":0,"8":0,"9":0,"10":0,"11":0,"12":0,"13":0},"f":{"0":0,"1":0,"2":0,"3":0,"4":0,"5":0,"6":0,"7":0},"b":{"0":[0,0],"1":[0,0],"2":[0,0],"3":[0,0],"4":[0,0],"5":[0,0],"6":[0,0]}}
,"/Users/Yemisi/Desktop/lendsqr/lendsqr-dashboard/src/components/Users/Details/Details.tsx": {"path":"/Users/Yemisi/Desktop/lendsqr/lendsqr-dashboard/src/components/Users/Details/Details.tsx","statementMap":{"0":{"start":{"line":14,"column":16},"end":{"line":65,"column":null}},"1":{"start":{"line":15,"column":21},"end":{"line":15,"column":null}},"2":{"start":{"line":16,"column":24},"end":{"line":16,"column":null}},"3":{"start":{"line":17,"column":24},"end":{"line":17,"column":null}},"4":{"start":{"line":20,"column":2},"end":{"line":37,"column":null}},"5":{"start":{"line":21,"column":31},"end":{"line":28,"column":null}},"6":{"start":{"line":22,"column":6},"end":{"line":27,"column":null}},"7":{"start":{"line":26,"column":8},"end":{"line":26,"column":null}},"8":{"start":{"line":30,"column":4},"end":{"line":32,"column":null}},"9":{"start":{"line":31,"column":6},"end":{"line":31,"column":null}},"10":{"start":{"line":34,"column":4},"end":{"line":36,"column":null}},"11":{"start":{"line":35,"column":6},"end":{"line":35,"column":null}},"12":{"start":{"line":39,"column":2},"end":{"line":63,"column":null}},"13":{"start":{"line":57,"column":23},"end":{"line":57,"column":null}}},"fnMap":{"0":{"name":"(anonymous_0)","decl":{"start":{"line":14,"column":16},"end":{"line":14,"column":17}},"loc":{"start":{"line":14,"column":73},"end":{"line":65,"column":null}}},"1":{"name":"(anonymous_1)","decl":{"start":{"line":20,"column":12},"end":{"line":20,"column":18}},"loc":{"start":{"line":20,"column":18},"end":{"line":37,"column":5}}},"2":{"name":"(anonymous_2)","decl":{"start":{"line":21,"column":31},"end":{"line":21,"column":32}},"loc":{"start":{"line":21,"column":54},"end":{"line":28,"column":null}}},"3":{"name":"(anonymous_3)","decl":{"start":{"line":34,"column":11},"end":{"line":34,"column":17}},"loc":{"start":{"line":34,"column":17},"end":{"line":36,"column":null}}},"4":{"name":"(anonymous_4)","decl":{"start":{"line":57,"column":17},"end":{"line":57,"column":23}},"loc":{"start":{"line":57,"column":23},"end":{"line":57,"column":null}}}},"branchMap":{"0":{"loc":{"start":{"line":22,"column":6},"end":{"line":27,"column":null}},"type":"if","locations":[{"start":{"line":22,"column":6},"end":{"line":27,"column":null}},{"start":{},"end":{}}]},"1":{"loc":{"start":{"line":23,"column":8},"end":{"line":24,"column":null}},"type":"binary-expr","locations":[{"start":{"line":23,"column":8},"end":{"line":23,"column":null}},{"start":{"line":24,"column":8},"end":{"line":24,"column":null}}]},"2":{"loc":{"start":{"line":30,"column":4},"end":{"line":32,"column":null}},"type":"if","locations":[{"start":{"line":30,"column":4},"end":{"line":32,"column":null}},{"start":{},"end":{}}]},"3":{"loc":{"start":{"line":57,"column":40},"end":{"line":57,"column":70}},"type":"cond-expr","locations":[{"start":{"line":57,"column":56},"end":{"line":57,"column":63}},{"start":{"line":57,"column":63},"end":{"line":57,"column":70}}]},"4":{"loc":{"start":{"line":61,"column":9},"end":{"line":61,"column":null}},"type":"binary-expr","locations":[{"start":{"line":61,"column":9},"end":{"line":61,"column":26}},{"start":{"line":61,"column":26},"end":{"line":61,"column":null}}]}},"s":{"0":3,"1":13,"2":13,"3":13,"4":13,"5":11,"6":0,"7":0,"8":11,"9":1,"10":11,"11":11,"12":13,"13":2},"f":{"0":13,"1":11,"2":0,"3":11,"4":2},"b":{"0":[0,0],"1":[0,0],"2":[1,10],"3":[1,1],"4":[13,1]}}
,"/Users/Yemisi/Desktop/lendsqr/lendsqr-dashboard/src/components/Users/Table/Table.tsx": {"path":"/Users/Yemisi/Desktop/lendsqr/lendsqr-dashboard/src/components/Users/Table/Table.tsx","statementMap":{"0":{"start":{"line":19,"column":19},"end":{"line":89,"column":null}},"1":{"start":{"line":20,"column":44},"end":{"line":20,"column":null}},"2":{"start":{"line":21,"column":54},"end":{"line":23,"column":null}},"3":{"start":{"line":32,"column":6},"end":{"line":32,"column":null}},"4":{"start":{"line":34,"column":2},"end":{"line":40,"column":null}},"5":{"start":{"line":35,"column":4},"end":{"line":38,"column":null}},"6":{"start":{"line":42,"column":2},"end":{"line":87,"column":null}},"7":{"start":{"line":53,"column":18},"end":{"line":60,"column":null}},"8":{"start":{"line":67,"column":16},"end":{"line":72,"column":null}}},"fnMap":{"0":{"name":"(anonymous_0)","decl":{"start":{"line":19,"column":19},"end":{"line":19,"column":20}},"loc":{"start":{"line":19,"column":66},"end":{"line":89,"column":null}}},"1":{"name":"(anonymous_1)","decl":{"start":{"line":52,"column":35},"end":{"line":52,"column":36}},"loc":{"start":{"line":53,"column":18},"end":{"line":60,"column":null}}},"2":{"name":"(anonymous_2)","decl":{"start":{"line":66,"column":52},"end":{"line":66,"column":53}},"loc":{"start":{"line":67,"column":16},"end":{"line":72,"column":null}}}},"branchMap":{"0":{"loc":{"start":{"line":34,"column":2},"end":{"line":40,"column":null}},"type":"if","locations":[{"start":{"line":34,"column":2},"end":{"line":40,"column":null}},{"start":{},"end":{}}]},"1":{"loc":{"start":{"line":46,"column":11},"end":{"line":47,"column":null}},"type":"binary-expr","locations":[{"start":{"line":46,"column":11},"end":{"line":46,"column":null}},{"start":{"line":47,"column":12},"end":{"line":47,"column":null}}]}},"s":{"0":2,"1":6,"2":6,"3":6,"4":6,"5":1,"6":5,"7":30,"8":9},"f":{"0":6,"1":30,"2":9},"b":{"0":[1,5],"1":[5,1]}}
,"/Users/Yemisi/Desktop/lendsqr/lendsqr-dashboard/src/components/Users/UserDetailItem/UserDetailItem.tsx": {"path":"/Users/Yemisi/Desktop/lendsqr/lendsqr-dashboard/src/components/Users/UserDetailItem/UserDetailItem.tsx","statementMap":{"0":{"start":{"line":6,"column":23},"end":{"line":13,"column":null}},"1":{"start":{"line":7,"column":2},"end":{"line":11,"column":null}}},"fnMap":{"0":{"name":"(anonymous_0)","decl":{"start":{"line":6,"column":23},"end":{"line":6,"column":24}},"loc":{"start":{"line":6,"column":66},"end":{"line":13,"column":null}}}},"branchMap":{},"s":{"0":1,"1":72},"f":{"0":72},"b":{}}
,"/Users/Yemisi/Desktop/lendsqr/lendsqr-dashboard/src/components/Users/UserDetailSection/UserDetailSection.tsx": {"path":"/Users/Yemisi/Desktop/lendsqr/lendsqr-dashboard/src/components/Users/UserDetailSection/UserDetailSection.tsx","statementMap":{"0":{"start":{"line":10,"column":26},"end":{"line":17,"column":null}},"1":{"start":{"line":11,"column":2},"end":{"line":15,"column":null}}},"fnMap":{"0":{"name":"(anonymous_0)","decl":{"start":{"line":10,"column":26},"end":{"line":10,"column":27}},"loc":{"start":{"line":10,"column":77},"end":{"line":17,"column":null}}}},"branchMap":{},"s":{"0":1,"1":12},"f":{"0":12},"b":{}}
,"/Users/Yemisi/Desktop/lendsqr/lendsqr-dashboard/src/components/Users/UserInformation/UserInformation.tsx": {"path":"/Users/Yemisi/Desktop/lendsqr/lendsqr-dashboard/src/components/Users/UserInformation/UserInformation.tsx","statementMap":{"0":{"start":{"line":6,"column":24},"end":{"line":62,"column":null}},"1":{"start":{"line":7,"column":2},"end":{"line":60,"column":null}},"2":{"start":{"line":49,"column":8},"end":{"line":58,"column":null}}},"fnMap":{"0":{"name":"(anonymous_0)","decl":{"start":{"line":6,"column":24},"end":{"line":6,"column":25}},"loc":{"start":{"line":6,"column":55},"end":{"line":62,"column":null}}},"1":{"name":"(anonymous_1)","decl":{"start":{"line":48,"column":27},"end":{"line":48,"column":28}},"loc":{"start":{"line":49,"column":8},"end":{"line":58,"column":null}}}},"branchMap":{"0":{"loc":{"start":{"line":32,"column":37},"end":{"line":32,"column":73}},"type":"cond-expr","locations":[{"start":{"line":32,"column":57},"end":{"line":32,"column":67}},{"start":{"line":32,"column":67},"end":{"line":32,"column":73}}]},"1":{"loc":{"start":{"line":51,"column":19},"end":{"line":51,"column":null}},"type":"cond-expr","locations":[{"start":{"line":51,"column":33},"end":{"line":51,"column":48}},{"start":{"line":51,"column":48},"end":{"line":51,"column":null}}]}},"s":{"0":1,"1":4,"2":0},"f":{"0":4,"1":0},"b":{"0":[0,4],"1":[0,0]}}
,"/Users/Yemisi/Desktop/lendsqr/lendsqr-dashboard/src/components/Users/UserProfile/UserProfile.tsx": {"path":"/Users/Yemisi/Desktop/lendsqr/lendsqr-dashboard/src/components/Users/UserProfile/UserProfile.tsx","statementMap":{"0":{"start":{"line":12,"column":20},"end":{"line":106,"column":null}},"1":{"start":{"line":13,"column":26},"end":{"line":13,"column":null}},"2":{"start":{"line":15,"column":2},"end":{"line":20,"column":null}},"3":{"start":{"line":16,"column":23},"end":{"line":16,"column":null}},"4":{"start":{"line":17,"column":4},"end":{"line":19,"column":null}},"5":{"start":{"line":18,"column":6},"end":{"line":18,"column":null}},"6":{"start":{"line":22,"column":15},"end":{"line":47,"column":null}},"7":{"start":{"line":48,"column":36},"end":{"line":48,"column":null}},"8":{"start":{"line":50,"column":2},"end":{"line":52,"column":null}},"9":{"start":{"line":51,"column":4},"end":{"line":51,"column":null}},"10":{"start":{"line":54,"column":2},"end":{"line":104,"column":null}},"11":{"start":{"line":81,"column":16},"end":{"line":85,"column":null}},"12":{"start":{"line":102,"column":28},"end":{"line":102,"column":50}}},"fnMap":{"0":{"name":"(anonymous_0)","decl":{"start":{"line":12,"column":20},"end":{"line":12,"column":26}},"loc":{"start":{"line":12,"column":26},"end":{"line":106,"column":null}}},"1":{"name":"(anonymous_1)","decl":{"start":{"line":15,"column":12},"end":{"line":15,"column":18}},"loc":{"start":{"line":15,"column":18},"end":{"line":20,"column":5}}},"2":{"name":"(anonymous_2)","decl":{"start":{"line":80,"column":41},"end":{"line":80,"column":42}},"loc":{"start":{"line":81,"column":16},"end":{"line":85,"column":null}}},"3":{"name":"(anonymous_3)","decl":{"start":{"line":102,"column":19},"end":{"line":102,"column":20}},"loc":{"start":{"line":102,"column":28},"end":{"line":102,"column":50}}}},"branchMap":{"0":{"loc":{"start":{"line":17,"column":4},"end":{"line":19,"column":null}},"type":"if","locations":[{"start":{"line":17,"column":4},"end":{"line":19,"column":null}},{"start":{},"end":{}}]},"1":{"loc":{"start":{"line":50,"column":2},"end":{"line":52,"column":null}},"type":"if","locations":[{"start":{"line":50,"column":2},"end":{"line":52,"column":null}},{"start":{},"end":{}}]},"2":{"loc":{"start":{"line":92,"column":14},"end":{"line":92,"column":null}},"type":"binary-expr","locations":[{"start":{"line":92,"column":14},"end":{"line":92,"column":38}},{"start":{"line":92,"column":38},"end":{"line":92,"column":null}}]},"3":{"loc":{"start":{"line":93,"column":16},"end":{"line":93,"column":39}},"type":"binary-expr","locations":[{"start":{"line":93,"column":16},"end":{"line":93,"column":35}},{"start":{"line":93,"column":35},"end":{"line":93,"column":39}}]}},"s":{"0":1,"1":10,"2":10,"3":5,"4":5,"5":4,"6":10,"7":10,"8":10,"9":5,"10":5,"11":15,"12":8},"f":{"0":10,"1":5,"2":15,"3":8},"b":{"0":[4,1],"1":[5,5],"2":[5,0],"3":[5,0]}}
,"/Users/Yemisi/Desktop/lendsqr/lendsqr-dashboard/src/components/Users/UsersList/UsersList.tsx": {"path":"/Users/Yemisi/Desktop/lendsqr/lendsqr-dashboard/src/components/Users/UsersList/UsersList.tsx","statementMap":{"0":{"start":{"line":10,"column":28},"end":{"line":38,"column":null}},"1":{"start":{"line":11,"column":36},"end":{"line":11,"column":null}},"2":{"start":{"line":12,"column":28},"end":{"line":12,"column":null}},"3":{"start":{"line":14,"column":2},"end":{"line":14,"column":null}},"4":{"start":{"line":14,"column":15},"end":{"line":14,"column":null}},"5":{"start":{"line":15,"column":2},"end":{"line":15,"column":null}},"6":{"start":{"line":15,"column":13},"end":{"line":15,"column":null}},"7":{"start":{"line":16,"column":2},"end":{"line":36,"column":null}},"8":{"start":{"line":21,"column":10},"end":{"line":27,"column":null}}},"fnMap":{"0":{"name":"(anonymous_0)","decl":{"start":{"line":10,"column":28},"end":{"line":10,"column":34}},"loc":{"start":{"line":10,"column":34},"end":{"line":38,"column":null}}},"1":{"name":"(anonymous_1)","decl":{"start":{"line":20,"column":25},"end":{"line":20,"column":26}},"loc":{"start":{"line":21,"column":10},"end":{"line":27,"column":null}}}},"branchMap":{"0":{"loc":{"start":{"line":14,"column":2},"end":{"line":14,"column":null}},"type":"if","locations":[{"start":{"line":14,"column":2},"end":{"line":14,"column":null}},{"start":{},"end":{}}]},"1":{"loc":{"start":{"line":15,"column":2},"end":{"line":15,"column":null}},"type":"if","locations":[{"start":{"line":15,"column":2},"end":{"line":15,"column":null}},{"start":{},"end":{}}]}},"s":{"0":1,"1":3,"2":3,"3":3,"4":1,"5":2,"6":1,"7":1,"8":4},"f":{"0":3,"1":4},"b":{"0":[1,2],"1":[1,1]}}
,"/Users/Yemisi/Desktop/lendsqr/lendsqr-dashboard/src/constants/constants.ts": {"path":"/Users/Yemisi/Desktop/lendsqr/lendsqr-dashboard/src/constants/constants.ts","statementMap":{"0":{"start":{"line":7,"column":27},"end":{"line":28,"column":null}},"1":{"start":{"line":30,"column":29},"end":{"line":51,"column":null}},"2":{"start":{"line":53,"column":30},"end":{"line":60,"column":null}},"3":{"start":{"line":62,"column":27},"end":{"line":119,"column":null}}},"fnMap":{},"branchMap":{},"s":{"0":5,"1":5,"2":5,"3":5},"f":{},"b":{}}
,"/Users/Yemisi/Desktop/lendsqr/lendsqr-dashboard/src/context/Auth/AuthContext.ts": {"path":"/Users/Yemisi/Desktop/lendsqr/lendsqr-dashboard/src/context/Auth/AuthContext.ts","statementMap":{"0":{"start":{"line":10,"column":27},"end":{"line":10,"column":null}}},"fnMap":{},"branchMap":{},"s":{"0":0},"f":{},"b":{}}
,"/Users/Yemisi/Desktop/lendsqr/lendsqr-dashboard/src/context/Auth/AuthProvider.tsx": {"path":"/Users/Yemisi/Desktop/lendsqr/lendsqr-dashboard/src/context/Auth/AuthProvider.tsx","statementMap":{"0":{"start":{"line":7,"column":63},"end":{"line":42,"column":null}},"1":{"start":{"line":10,"column":19},"end":{"line":10,"column":null}},"2":{"start":{"line":13,"column":30},"end":{"line":13,"column":null}},"3":{"start":{"line":16,"column":4},"end":{"line":16,"column":null}},"4":{"start":{"line":18,"column":16},"end":{"line":30,"column":null}},"5":{"start":{"line":19,"column":32},"end":{"line":19,"column":null}},"6":{"start":{"line":21,"column":4},"end":{"line":29,"column":null}},"7":{"start":{"line":22,"column":6},"end":{"line":24,"column":null}},"8":{"start":{"line":25,"column":6},"end":{"line":25,"column":null}},"9":{"start":{"line":26,"column":6},"end":{"line":26,"column":null}},"10":{"start":{"line":28,"column":6},"end":{"line":28,"column":null}},"11":{"start":{"line":32,"column":17},"end":{"line":35,"column":null}},"12":{"start":{"line":33,"column":4},"end":{"line":33,"column":null}},"13":{"start":{"line":34,"column":4},"end":{"line":34,"column":null}},"14":{"start":{"line":37,"column":2},"end":{"line":40,"column":null}}},"fnMap":{"0":{"name":"(anonymous_0)","decl":{"start":{"line":7,"column":63},"end":{"line":7,"column":64}},"loc":{"start":{"line":9,"column":6},"end":{"line":42,"column":null}}},"1":{"name":"(anonymous_1)","decl":{"start":{"line":18,"column":16},"end":{"line":18,"column":17}},"loc":{"start":{"line":18,"column":49},"end":{"line":30,"column":null}}},"2":{"name":"(anonymous_2)","decl":{"start":{"line":32,"column":17},"end":{"line":32,"column":23}},"loc":{"start":{"line":32,"column":23},"end":{"line":35,"column":null}}}},"branchMap":{"0":{"loc":{"start":{"line":21,"column":4},"end":{"line":29,"column":null}},"type":"if","locations":[{"start":{"line":21,"column":4},"end":{"line":29,"column":null}},{"start":{"line":27,"column":11},"end":{"line":29,"column":null}}]},"1":{"loc":{"start":{"line":21,"column":8},"end":{"line":21,"column":27}},"type":"binary-expr","locations":[{"start":{"line":21,"column":8},"end":{"line":21,"column":17}},{"start":{"line":21,"column":17},"end":{"line":21,"column":27}}]}},"s":{"0":0,"1":0,"2":0,"3":0,"4":0,"5":0,"6":0,"7":0,"8":0,"9":0,"10":0,"11":0,"12":0,"13":0,"14":0},"f":{"0":0,"1":0,"2":0},"b":{"0":[0,0],"1":[0,0]}}
,"/Users/Yemisi/Desktop/lendsqr/lendsqr-dashboard/src/context/Auth/useAuth.ts": {"path":"/Users/Yemisi/Desktop/lendsqr/lendsqr-dashboard/src/context/Auth/useAuth.ts","statementMap":{"0":{"start":{"line":4,"column":23},"end":{"line":10,"column":null}},"1":{"start":{"line":5,"column":20},"end":{"line":5,"column":null}},"2":{"start":{"line":6,"column":4},"end":{"line":8,"column":null}},"3":{"start":{"line":7,"column":6},"end":{"line":7,"column":null}},"4":{"start":{"line":9,"column":4},"end":{"line":9,"column":null}}},"fnMap":{"0":{"name":"(anonymous_0)","decl":{"start":{"line":4,"column":23},"end":{"line":4,"column":29}},"loc":{"start":{"line":4,"column":29},"end":{"line":10,"column":null}}}},"branchMap":{"0":{"loc":{"start":{"line":6,"column":4},"end":{"line":8,"column":null}},"type":"if","locations":[{"start":{"line":6,"column":4},"end":{"line":8,"column":null}},{"start":{},"end":{}}]}},"s":{"0":0,"1":0,"2":0,"3":0,"4":0},"f":{"0":0},"b":{"0":[0,0]}}
,"/Users/Yemisi/Desktop/lendsqr/lendsqr-dashboard/src/context/Users/UsersContext.tsx": {"path":"/Users/Yemisi/Desktop/lendsqr/lendsqr-dashboard/src/context/Users/UsersContext.tsx","statementMap":{"0":{"start":{"line":12,"column":28},"end":{"line":12,"column":null}}},"fnMap":{},"branchMap":{},"s":{"0":0},"f":{},"b":{}}
,"/Users/Yemisi/Desktop/lendsqr/lendsqr-dashboard/src/context/Users/UsersProvider.tsx": {"path":"/Users/Yemisi/Desktop/lendsqr/lendsqr-dashboard/src/context/Users/UsersProvider.tsx","statementMap":{"0":{"start":{"line":8,"column":33},"end":{"line":12,"column":null}},"1":{"start":{"line":15,"column":21},"end":{"line":31,"column":null}},"2":{"start":{"line":16,"column":2},"end":{"line":30,"column":null}},"3":{"start":{"line":18,"column":6},"end":{"line":18,"column":null}},"4":{"start":{"line":20,"column":6},"end":{"line":25,"column":null}},"5":{"start":{"line":27,"column":6},"end":{"line":27,"column":null}},"6":{"start":{"line":29,"column":6},"end":{"line":29,"column":null}},"7":{"start":{"line":33,"column":70},"end":{"line":74,"column":null}},"8":{"start":{"line":36,"column":28},"end":{"line":36,"column":null}},"9":{"start":{"line":38,"column":19},"end":{"line":38,"column":null}},"10":{"start":{"line":39,"column":21},"end":{"line":39,"column":null}},"11":{"start":{"line":40,"column":19},"end":{"line":40,"column":null}},"12":{"start":{"line":41,"column":20},"end":{"line":41,"column":null}},"13":{"start":{"line":43,"column":21},"end":{"line":62,"column":null}},"14":{"start":{"line":44,"column":4},"end":{"line":44,"column":null}},"15":{"start":{"line":46,"column":4},"end":{"line":61,"column":null}},"16":{"start":{"line":47,"column":23},"end":{"line":52,"column":null}},"17":{"start":{"line":54,"column":6},"end":{"line":54,"column":null}},"18":{"start":{"line":57,"column":6},"end":{"line":60,"column":null}},"19":{"start":{"line":64,"column":2},"end":{"line":67,"column":null}},"20":{"start":{"line":65,"column":4},"end":{"line":65,"column":null}},"21":{"start":{"line":69,"column":2},"end":{"line":72,"column":null}}},"fnMap":{"0":{"name":"(anonymous_0)","decl":{"start":{"line":15,"column":21},"end":{"line":15,"column":22}},"loc":{"start":{"line":15,"column":69},"end":{"line":31,"column":null}}},"1":{"name":"(anonymous_1)","decl":{"start":{"line":33,"column":70},"end":{"line":33,"column":71}},"loc":{"start":{"line":35,"column":6},"end":{"line":74,"column":null}}},"2":{"name":"(anonymous_2)","decl":{"start":{"line":43,"column":21},"end":{"line":43,"column":33}},"loc":{"start":{"line":43,"column":33},"end":{"line":62,"column":null}}},"3":{"name":"(anonymous_3)","decl":{"start":{"line":64,"column":12},"end":{"line":64,"column":18}},"loc":{"start":{"line":64,"column":18},"end":{"line":67,"column":5}}}},"branchMap":{"0":{"loc":{"start":{"line":16,"column":2},"end":{"line":30,"column":null}},"type":"switch","locations":[{"start":{"line":17,"column":4},"end":{"line":18,"column":null}},{"start":{"line":19,"column":4},"end":{"line":25,"column":null}},{"start":{"line":26,"column":4},"end":{"line":27,"column":null}},{"start":{"line":28,"column":4},"end":{"line":29,"column":null}}]}},"s":{"0":0,"1":0,"2":0,"3":0,"4":0,"5":0,"6":0,"7":0,"8":0,"9":0,"10":0,"11":0,"12":0,"13":0,"14":0,"15":0,"16":0,"17":0,"18":0,"19":0,"20":0,"21":0},"f":{"0":0,"1":0,"2":0,"3":0},"b":{"0":[0,0,0,0]}}
,"/Users/Yemisi/Desktop/lendsqr/lendsqr-dashboard/src/context/Users/useUsers.ts": {"path":"/Users/Yemisi/Desktop/lendsqr/lendsqr-dashboard/src/context/Users/useUsers.ts","statementMap":{"0":{"start":{"line":5,"column":24},"end":{"line":11,"column":null}},"1":{"start":{"line":6,"column":18},"end":{"line":6,"column":null}},"2":{"start":{"line":7,"column":2},"end":{"line":9,"column":null}},"3":{"start":{"line":8,"column":4},"end":{"line":8,"column":null}},"4":{"start":{"line":10,"column":2},"end":{"line":10,"column":null}}},"fnMap":{"0":{"name":"(anonymous_0)","decl":{"start":{"line":5,"column":24},"end":{"line":5,"column":30}},"loc":{"start":{"line":5,"column":30},"end":{"line":11,"column":null}}}},"branchMap":{"0":{"loc":{"start":{"line":7,"column":2},"end":{"line":9,"column":null}},"type":"if","locations":[{"start":{"line":7,"column":2},"end":{"line":9,"column":null}},{"start":{},"end":{}}]}},"s":{"0":0,"1":0,"2":0,"3":0,"4":0},"f":{"0":0},"b":{"0":[0,0]}}
,"/Users/Yemisi/Desktop/lendsqr/lendsqr-dashboard/src/helpers/helper.ts": {"path":"/Users/Yemisi/Desktop/lendsqr/lendsqr-dashboard/src/helpers/helper.ts","statementMap":{"0":{"start":{"line":2,"column":28},"end":{"line":9,"column":null}},"1":{"start":{"line":3,"column":4},"end":{"line":8,"column":null}},"2":{"start":{"line":4,"column":27},"end":{"line":4,"column":null}},"3":{"start":{"line":5,"column":6},"end":{"line":7,"column":null}},"4":{"start":{"line":11,"column":31},"end":{"line":12,"column":null}},"5":{"start":{"line":12,"column":4},"end":{"line":12,"column":null}},"6":{"start":{"line":14,"column":26},"end":{"line":32,"column":null}},"7":{"start":{"line":15,"column":21},"end":{"line":15,"column":null}},"8":{"start":{"line":18,"column":2},"end":{"line":21,"column":null}},"9":{"start":{"line":19,"column":4},"end":{"line":19,"column":null}},"10":{"start":{"line":20,"column":4},"end":{"line":20,"column":null}},"11":{"start":{"line":23,"column":2},"end":{"line":31,"column":null}}},"fnMap":{"0":{"name":"(anonymous_0)","decl":{"start":{"line":2,"column":28},"end":{"line":2,"column":29}},"loc":{"start":{"line":2,"column":54},"end":{"line":9,"column":null}}},"1":{"name":"(anonymous_1)","decl":{"start":{"line":11,"column":31},"end":{"line":11,"column":32}},"loc":{"start":{"line":12,"column":4},"end":{"line":12,"column":null}}},"2":{"name":"(anonymous_2)","decl":{"start":{"line":14,"column":26},"end":{"line":14,"column":27}},"loc":{"start":{"line":14,"column":89},"end":{"line":32,"column":null}}}},"branchMap":{"0":{"loc":{"start":{"line":3,"column":4},"end":{"line":8,"column":null}},"type":"if","locations":[{"start":{"line":3,"column":4},"end":{"line":8,"column":null}},{"start":{},"end":{}}]},"1":{"loc":{"start":{"line":4,"column":27},"end":{"line":4,"column":null}},"type":"binary-expr","locations":[{"start":{"line":4,"column":27},"end":{"line":4,"column":36}},{"start":{"line":4,"column":36},"end":{"line":4,"column":null}}]},"2":{"loc":{"start":{"line":12,"column":4},"end":{"line":12,"column":null}},"type":"binary-expr","locations":[{"start":{"line":12,"column":4},"end":{"line":12,"column":16}},{"start":{"line":12,"column":16},"end":{"line":12,"column":null}}]},"3":{"loc":{"start":{"line":18,"column":2},"end":{"line":21,"column":null}},"type":"if","locations":[{"start":{"line":18,"column":2},"end":{"line":21,"column":null}},{"start":{},"end":{}}]}},"s":{"0":4,"1":6,"2":4,"3":4,"4":4,"5":4,"6":4,"7":9,"8":9,"9":0,"10":0,"11":9},"f":{"0":6,"1":4,"2":9},"b":{"0":[4,2],"1":[4,4],"2":[4,4],"3":[0,9]}}
,"/Users/Yemisi/Desktop/lendsqr/lendsqr-dashboard/src/hooks/useFilter.ts": {"path":"/Users/Yemisi/Desktop/lendsqr/lendsqr-dashboard/src/hooks/useFilter.ts","statementMap":{"0":{"start":{"line":6,"column":18},"end":{"line":63,"column":null}},"1":{"start":{"line":7,"column":38},"end":{"line":7,"column":null}},"2":{"start":{"line":8,"column":25},"end":{"line":8,"column":null}},"3":{"start":{"line":10,"column":27},"end":{"line":12,"column":null}},"4":{"start":{"line":11,"column":4},"end":{"line":11,"column":null}},"5":{"start":{"line":11,"column":33},"end":{"line":11,"column":43}},"6":{"start":{"line":14,"column":20},"end":{"line":17,"column":null}},"7":{"start":{"line":15,"column":10},"end":{"line":15,"column":null}},"8":{"start":{"line":15,"column":43},"end":{"line":15,"column":55}},"9":{"start":{"line":19,"column":18},"end":{"line":29,"column":null}},"10":{"start":{"line":20,"column":11},"end":{"line":27,"column":null}},"11":{"start":{"line":31,"column":24},"end":{"line":33,"column":null}},"12":{"start":{"line":35,"column":24},"end":{"line":60,"column":null}},"13":{"start":{"line":36,"column":4},"end":{"line":45,"column":null}},"14":{"start":{"line":44,"column":6},"end":{"line":44,"column":null}},"15":{"start":{"line":47,"column":4},"end":{"line":59,"column":null}},"16":{"start":{"line":49,"column":9},"end":{"line":56,"column":null}},"17":{"start":{"line":58,"column":6},"end":{"line":58,"column":null}},"18":{"start":{"line":62,"column":2},"end":{"line":62,"column":null}}},"fnMap":{"0":{"name":"(anonymous_0)","decl":{"start":{"line":6,"column":18},"end":{"line":6,"column":19}},"loc":{"start":{"line":6,"column":38},"end":{"line":63,"column":null}}},"1":{"name":"(anonymous_1)","decl":{"start":{"line":10,"column":27},"end":{"line":10,"column":33}},"loc":{"start":{"line":10,"column":33},"end":{"line":12,"column":null}}},"2":{"name":"(anonymous_2)","decl":{"start":{"line":11,"column":18},"end":{"line":11,"column":19}},"loc":{"start":{"line":11,"column":33},"end":{"line":11,"column":43}}},"3":{"name":"(anonymous_3)","decl":{"start":{"line":15,"column":4},"end":{"line":15,"column":10}},"loc":{"start":{"line":15,"column":10},"end":{"line":15,"column":null}}},"4":{"name":"(anonymous_4)","decl":{"start":{"line":15,"column":33},"end":{"line":15,"column":34}},"loc":{"start":{"line":15,"column":43},"end":{"line":15,"column":55}}},"5":{"name":"(anonymous_5)","decl":{"start":{"line":20,"column":4},"end":{"line":20,"column":11}},"loc":{"start":{"line":20,"column":11},"end":{"line":27,"column":null}}},"6":{"name":"(anonymous_6)","decl":{"start":{"line":35,"column":32},"end":{"line":35,"column":38}},"loc":{"start":{"line":35,"column":38},"end":{"line":60,"column":5}}},"7":{"name":"(anonymous_7)","decl":{"start":{"line":47,"column":25},"end":{"line":47,"column":26}},"loc":{"start":{"line":47,"column":35},"end":{"line":59,"column":5}}}},"branchMap":{"0":{"loc":{"start":{"line":31,"column":24},"end":{"line":33,"column":null}},"type":"cond-expr","locations":[{"start":{"line":32,"column":6},"end":{"line":32,"column":null}},{"start":{"line":33,"column":6},"end":{"line":33,"column":null}}]},"1":{"loc":{"start":{"line":36,"column":4},"end":{"line":45,"column":null}},"type":"if","locations":[{"start":{"line":36,"column":4},"end":{"line":45,"column":null}},{"start":{},"end":{}}]},"2":{"loc":{"start":{"line":37,"column":6},"end":{"line":42,"column":null}},"type":"binary-expr","locations":[{"start":{"line":37,"column":6},"end":{"line":37,"column":null}},{"start":{"line":38,"column":6},"end":{"line":38,"column":null}},{"start":{"line":39,"column":6},"end":{"line":39,"column":null}},{"start":{"line":40,"column":6},"end":{"line":40,"column":null}},{"start":{"line":41,"column":6},"end":{"line":41,"column":null}},{"start":{"line":42,"column":6},"end":{"line":42,"column":null}}]},"3":{"loc":{"start":{"line":49,"column":9},"end":{"line":56,"column":null}},"type":"binary-expr","locations":[{"start":{"line":49,"column":9},"end":{"line":49,"column":26}},{"start":{"line":49,"column":26},"end":{"line":49,"column":null}},{"start":{"line":50,"column":9},"end":{"line":50,"column":26}},{"start":{"line":50,"column":26},"end":{"line":50,"column":null}},{"start":{"line":51,"column":9},"end":{"line":51,"column":null}},{"start":{"line":52,"column":10},"end":{"line":52,"column":null}},{"start":{"line":53,"column":9},"end":{"line":53,"column":27}},{"start":{"line":53,"column":27},"end":{"line":53,"column":null}},{"start":{"line":54,"column":9},"end":{"line":54,"column":28}},{"start":{"line":54,"column":28},"end":{"line":54,"column":null}},{"start":{"line":55,"column":9},"end":{"line":55,"column":null}},{"start":{"line":56,"column":10},"end":{"line":56,"column":null}}]}},"s":{"0":2,"1":11,"2":11,"3":11,"4":3,"5":3,"6":11,"7":8,"8":14,"9":11,"10":10,"11":11,"12":11,"13":10,"14":10,"15":0,"16":0,"17":0,"18":11},"f":{"0":11,"1":3,"2":3,"3":8,"4":14,"5":10,"6":10,"7":0},"b":{"0":[0,11],"1":[10,0],"2":[10,10,10,10,10,10],"3":[0,0,0,0,0,0,0,0,0,0,0,0]}}
,"/Users/Yemisi/Desktop/lendsqr/lendsqr-dashboard/src/hooks/usePagination.ts": {"path":"/Users/Yemisi/Desktop/lendsqr/lendsqr-dashboard/src/hooks/usePagination.ts","statementMap":{"0":{"start":{"line":4,"column":22},"end":{"line":60,"column":null}},"1":{"start":{"line":5,"column":19},"end":{"line":5,"column":null}},"2":{"start":{"line":6,"column":25},"end":{"line":6,"column":null}},"3":{"start":{"line":7,"column":17},"end":{"line":7,"column":null}},"4":{"start":{"line":10,"column":19},"end":{"line":10,"column":null}},"5":{"start":{"line":12,"column":31},"end":{"line":18,"column":null}},"6":{"start":{"line":13,"column":17},"end":{"line":13,"column":null}},"7":{"start":{"line":14,"column":10},"end":{"line":14,"column":null}},"8":{"start":{"line":15,"column":16},"end":{"line":15,"column":null}},"9":{"start":{"line":16,"column":4},"end":{"line":16,"column":null}},"10":{"start":{"line":20,"column":23},"end":{"line":25,"column":null}},"11":{"start":{"line":21,"column":4},"end":{"line":21,"column":null}},"12":{"start":{"line":22,"column":4},"end":{"line":22,"column":null}},"13":{"start":{"line":23,"column":4},"end":{"line":23,"column":null}},"14":{"start":{"line":24,"column":4},"end":{"line":24,"column":null}},"15":{"start":{"line":27,"column":23},"end":{"line":30,"column":null}},"16":{"start":{"line":28,"column":4},"end":{"line":28,"column":null}},"17":{"start":{"line":28,"column":25},"end":{"line":28,"column":null}},"18":{"start":{"line":29,"column":4},"end":{"line":29,"column":null}},"19":{"start":{"line":32,"column":27},"end":{"line":35,"column":null}},"20":{"start":{"line":33,"column":4},"end":{"line":33,"column":null}},"21":{"start":{"line":33,"column":20},"end":{"line":33,"column":null}},"22":{"start":{"line":34,"column":4},"end":{"line":34,"column":null}},"23":{"start":{"line":37,"column":27},"end":{"line":40,"column":null}},"24":{"start":{"line":38,"column":4},"end":{"line":38,"column":null}},"25":{"start":{"line":38,"column":65},"end":{"line":38,"column":null}},"26":{"start":{"line":39,"column":4},"end":{"line":39,"column":null}},"27":{"start":{"line":42,"column":31},"end":{"line":48,"column":null}},"28":{"start":{"line":43,"column":4},"end":{"line":43,"column":null}},"29":{"start":{"line":44,"column":4},"end":{"line":44,"column":null}},"30":{"start":{"line":45,"column":4},"end":{"line":45,"column":null}},"31":{"start":{"line":46,"column":4},"end":{"line":46,"column":null}},"32":{"start":{"line":47,"column":4},"end":{"line":47,"column":null}},"33":{"start":{"line":50,"column":2},"end":{"line":59,"column":null}}},"fnMap":{"0":{"name":"(anonymous_0)","decl":{"start":{"line":4,"column":22},"end":{"line":4,"column":23}},"loc":{"start":{"line":4,"column":66},"end":{"line":60,"column":null}}},"1":{"name":"(anonymous_1)","decl":{"start":{"line":12,"column":39},"end":{"line":12,"column":45}},"loc":{"start":{"line":12,"column":45},"end":{"line":18,"column":5}}},"2":{"name":"(anonymous_2)","decl":{"start":{"line":20,"column":23},"end":{"line":20,"column":24}},"loc":{"start":{"line":20,"column":44},"end":{"line":25,"column":null}}},"3":{"name":"(anonymous_3)","decl":{"start":{"line":27,"column":23},"end":{"line":27,"column":29}},"loc":{"start":{"line":27,"column":29},"end":{"line":30,"column":null}}},"4":{"name":"(anonymous_4)","decl":{"start":{"line":32,"column":27},"end":{"line":32,"column":33}},"loc":{"start":{"line":32,"column":33},"end":{"line":35,"column":null}}},"5":{"name":"(anonymous_5)","decl":{"start":{"line":37,"column":27},"end":{"line":37,"column":28}},"loc":{"start":{"line":37,"column":48},"end":{"line":40,"column":null}}},"6":{"name":"(anonymous_6)","decl":{"start":{"line":42,"column":31},"end":{"line":42,"column":32}},"loc":{"start":{"line":42,"column":49},"end":{"line":48,"column":null}}}},"branchMap":{"0":{"loc":{"start":{"line":4,"column":41},"end":{"line":4,"column":66}},"type":"default-arg","locations":[{"start":{"line":4,"column":59},"end":{"line":4,"column":66}}]},"1":{"loc":{"start":{"line":10,"column":19},"end":{"line":10,"column":null}},"type":"binary-expr","locations":[{"start":{"line":10,"column":19},"end":{"line":10,"column":53}},{"start":{"line":10,"column":53},"end":{"line":10,"column":null}}]},"2":{"loc":{"start":{"line":13,"column":17},"end":{"line":13,"column":null}},"type":"binary-expr","locations":[{"start":{"line":13,"column":17},"end":{"line":13,"column":47}},{"start":{"line":13,"column":47},"end":{"line":13,"column":null}}]},"3":{"loc":{"start":{"line":28,"column":4},"end":{"line":28,"column":null}},"type":"if","locations":[{"start":{"line":28,"column":4},"end":{"line":28,"column":null}},{"start":{},"end":{}}]},"4":{"loc":{"start":{"line":33,"column":4},"end":{"line":33,"column":null}},"type":"if","locations":[{"start":{"line":33,"column":4},"end":{"line":33,"column":null}},{"start":{},"end":{}}]},"5":{"loc":{"start":{"line":38,"column":4},"end":{"line":38,"column":null}},"type":"if","locations":[{"start":{"line":38,"column":4},"end":{"line":38,"column":null}},{"start":{},"end":{}}]},"6":{"loc":{"start":{"line":38,"column":8},"end":{"line":38,"column":65}},"type":"binary-expr","locations":[{"start":{"line":38,"column":8},"end":{"line":38,"column":23}},{"start":{"line":38,"column":23},"end":{"line":38,"column":65}}]}},"s":{"0":4,"1":21,"2":21,"3":21,"4":21,"5":21,"6":19,"7":19,"8":19,"9":19,"10":21,"11":2,"12":2,"13":2,"14":2,"15":21,"16":1,"17":0,"18":1,"19":21,"20":1,"21":1,"22":0,"23":21,"24":1,"25":0,"26":1,"27":21,"28":1,"29":1,"30":1,"31":1,"32":1,"33":21},"f":{"0":21,"1":19,"2":2,"3":1,"4":1,"5":1,"6":1},"b":{"0":[16],"1":[21,21],"2":[19,19],"3":[0,1],"4":[1,0],"5":[0,1],"6":[1,1]}}
,"/Users/Yemisi/Desktop/lendsqr/lendsqr-dashboard/src/layout/Layout.tsx": {"path":"/Users/Yemisi/Desktop/lendsqr/lendsqr-dashboard/src/layout/Layout.tsx","statementMap":{"0":{"start":{"line":8,"column":15},"end":{"line":44,"column":null}},"1":{"start":{"line":9,"column":44},"end":{"line":9,"column":null}},"2":{"start":{"line":11,"column":24},"end":{"line":13,"column":null}},"3":{"start":{"line":12,"column":4},"end":{"line":12,"column":null}},"4":{"start":{"line":12,"column":31},"end":{"line":12,"column":36}},"5":{"start":{"line":16,"column":2},"end":{"line":27,"column":null}},"6":{"start":{"line":17,"column":25},"end":{"line":21,"column":null}},"7":{"start":{"line":18,"column":6},"end":{"line":20,"column":null}},"8":{"start":{"line":19,"column":8},"end":{"line":19,"column":null}},"9":{"start":{"line":23,"column":4},"end":{"line":23,"column":null}},"10":{"start":{"line":24,"column":4},"end":{"line":26,"column":null}},"11":{"start":{"line":25,"column":6},"end":{"line":25,"column":null}},"12":{"start":{"line":29,"column":2},"end":{"line":42,"column":null}}},"fnMap":{"0":{"name":"(anonymous_0)","decl":{"start":{"line":8,"column":15},"end":{"line":8,"column":21}},"loc":{"start":{"line":8,"column":21},"end":{"line":44,"column":null}}},"1":{"name":"(anonymous_1)","decl":{"start":{"line":11,"column":24},"end":{"line":11,"column":30}},"loc":{"start":{"line":11,"column":30},"end":{"line":13,"column":null}}},"2":{"name":"(anonymous_2)","decl":{"start":{"line":12,"column":21},"end":{"line":12,"column":22}},"loc":{"start":{"line":12,"column":31},"end":{"line":12,"column":36}}},"3":{"name":"(anonymous_3)","decl":{"start":{"line":16,"column":12},"end":{"line":16,"column":18}},"loc":{"start":{"line":16,"column":18},"end":{"line":27,"column":5}}},"4":{"name":"(anonymous_4)","decl":{"start":{"line":17,"column":25},"end":{"line":17,"column":31}},"loc":{"start":{"line":17,"column":31},"end":{"line":21,"column":null}}},"5":{"name":"(anonymous_5)","decl":{"start":{"line":24,"column":11},"end":{"line":24,"column":17}},"loc":{"start":{"line":24,"column":17},"end":{"line":26,"column":null}}}},"branchMap":{"0":{"loc":{"start":{"line":18,"column":6},"end":{"line":20,"column":null}},"type":"if","locations":[{"start":{"line":18,"column":6},"end":{"line":20,"column":null}},{"start":{},"end":{}}]}},"s":{"0":0,"1":0,"2":0,"3":0,"4":0,"5":0,"6":0,"7":0,"8":0,"9":0,"10":0,"11":0,"12":0},"f":{"0":0,"1":0,"2":0,"3":0,"4":0,"5":0},"b":{"0":[0,0]}}
,"/Users/Yemisi/Desktop/lendsqr/lendsqr-dashboard/src/pages/Login/Login.tsx": {"path":"/Users/Yemisi/Desktop/lendsqr/lendsqr-dashboard/src/pages/Login/Login.tsx","statementMap":{"0":{"start":{"line":10,"column":24},"end":{"line":98,"column":null}},"1":{"start":{"line":11,"column":48},"end":{"line":11,"column":null}},"2":{"start":{"line":12,"column":42},"end":{"line":15,"column":null}},"3":{"start":{"line":16,"column":28},"end":{"line":19,"column":null}},"4":{"start":{"line":20,"column":20},"end":{"line":20,"column":null}},"5":{"start":{"line":22,"column":23},"end":{"line":42,"column":null}},"6":{"start":{"line":23,"column":4},"end":{"line":23,"column":null}},"7":{"start":{"line":25,"column":4},"end":{"line":27,"column":null}},"8":{"start":{"line":26,"column":6},"end":{"line":26,"column":null}},"9":{"start":{"line":29,"column":4},"end":{"line":34,"column":null}},"10":{"start":{"line":30,"column":6},"end":{"line":33,"column":null}},"11":{"start":{"line":36,"column":4},"end":{"line":41,"column":null}},"12":{"start":{"line":40,"column":6},"end":{"line":40,"column":null}},"13":{"start":{"line":44,"column":2},"end":{"line":96,"column":null}},"14":{"start":{"line":68,"column":16},"end":{"line":71,"column":null}},"15":{"start":{"line":81,"column":36},"end":{"line":81,"column":null}},"16":{"start":{"line":83,"column":16},"end":{"line":86,"column":null}}},"fnMap":{"0":{"name":"(anonymous_0)","decl":{"start":{"line":10,"column":24},"end":{"line":10,"column":30}},"loc":{"start":{"line":10,"column":30},"end":{"line":98,"column":null}}},"1":{"name":"(anonymous_1)","decl":{"start":{"line":22,"column":23},"end":{"line":22,"column":30}},"loc":{"start":{"line":22,"column":64},"end":{"line":42,"column":null}}},"2":{"name":"(anonymous_2)","decl":{"start":{"line":67,"column":24},"end":{"line":67,"column":25}},"loc":{"start":{"line":67,"column":31},"end":{"line":72,"column":null}}},"3":{"name":"(anonymous_3)","decl":{"start":{"line":81,"column":30},"end":{"line":81,"column":36}},"loc":{"start":{"line":81,"column":36},"end":{"line":81,"column":null}}},"4":{"name":"(anonymous_4)","decl":{"start":{"line":82,"column":24},"end":{"line":82,"column":25}},"loc":{"start":{"line":82,"column":31},"end":{"line":87,"column":null}}}},"branchMap":{"0":{"loc":{"start":{"line":25,"column":4},"end":{"line":27,"column":null}},"type":"if","locations":[{"start":{"line":25,"column":4},"end":{"line":27,"column":null}},{"start":{},"end":{}}]},"1":{"loc":{"start":{"line":29,"column":4},"end":{"line":34,"column":null}},"type":"if","locations":[{"start":{"line":29,"column":4},"end":{"line":34,"column":null}},{"start":{},"end":{}}]},"2":{"loc":{"start":{"line":36,"column":4},"end":{"line":41,"column":null}},"type":"if","locations":[{"start":{"line":36,"column":4},"end":{"line":41,"column":null}},{"start":{},"end":{}}]},"3":{"loc":{"start":{"line":37,"column":6},"end":{"line":38,"column":null}},"type":"binary-expr","locations":[{"start":{"line":37,"column":6},"end":{"line":37,"column":null}},{"start":{"line":38,"column":6},"end":{"line":38,"column":null}}]},"4":{"loc":{"start":{"line":65,"column":21},"end":{"line":65,"column":null}},"type":"binary-expr","locations":[{"start":{"line":65,"column":21},"end":{"line":65,"column":36}},{"start":{"line":65,"column":36},"end":{"line":65,"column":null}}]},"5":{"loc":{"start":{"line":77,"column":20},"end":{"line":77,"column":null}},"type":"cond-expr","locations":[{"start":{"line":77,"column":38},"end":{"line":77,"column":47}},{"start":{"line":77,"column":47},"end":{"line":77,"column":null}}]},"6":{"loc":{"start":{"line":79,"column":21},"end":{"line":79,"column":null}},"type":"binary-expr","locations":[{"start":{"line":79,"column":21},"end":{"line":79,"column":39}},{"start":{"line":79,"column":39},"end":{"line":79,"column":null}}]}},"s":{"0":1,"1":12,"2":12,"3":12,"4":12,"5":12,"6":3,"7":3,"8":2,"9":3,"10":1,"11":3,"12":1,"13":12,"14":2,"15":0,"16":3},"f":{"0":12,"1":3,"2":2,"3":0,"4":3},"b":{"0":[2,1],"1":[1,2],"2":[1,2],"3":[3,1],"4":[12,1],"5":[0,12],"6":[12,1]}}
,"/Users/Yemisi/Desktop/lendsqr/lendsqr-dashboard/src/pages/UserDetail/UserDetail.tsx": {"path":"/Users/Yemisi/Desktop/lendsqr/lendsqr-dashboard/src/pages/UserDetail/UserDetail.tsx","statementMap":{"0":{"start":{"line":3,"column":29},"end":{"line":5,"column":null}},"1":{"start":{"line":4,"column":2},"end":{"line":4,"column":null}}},"fnMap":{"0":{"name":"(anonymous_0)","decl":{"start":{"line":3,"column":29},"end":{"line":3,"column":35}},"loc":{"start":{"line":3,"column":35},"end":{"line":5,"column":null}}}},"branchMap":{},"s":{"0":0,"1":0},"f":{"0":0},"b":{}}
,"/Users/Yemisi/Desktop/lendsqr/lendsqr-dashboard/src/pages/Users/Users.tsx": {"path":"/Users/Yemisi/Desktop/lendsqr/lendsqr-dashboard/src/pages/Users/Users.tsx","statementMap":{"0":{"start":{"line":3,"column":24},"end":{"line":9,"column":null}},"1":{"start":{"line":4,"column":2},"end":{"line":7,"column":null}}},"fnMap":{"0":{"name":"(anonymous_0)","decl":{"start":{"line":3,"column":24},"end":{"line":3,"column":30}},"loc":{"start":{"line":3,"column":30},"end":{"line":9,"column":null}}}},"branchMap":{},"s":{"0":0,"1":0},"f":{"0":0},"b":{}}
,"/Users/Yemisi/Desktop/lendsqr/lendsqr-dashboard/src/ui/Button/Button.tsx": {"path":"/Users/Yemisi/Desktop/lendsqr/lendsqr-dashboard/src/ui/Button/Button.tsx","statementMap":{"0":{"start":{"line":10,"column":38},"end":{"line":28,"column":null}},"1":{"start":{"line":16,"column":2},"end":{"line":26,"column":null}}},"fnMap":{"0":{"name":"(anonymous_0)","decl":{"start":{"line":10,"column":38},"end":{"line":10,"column":39}},"loc":{"start":{"line":15,"column":6},"end":{"line":28,"column":null}}}},"branchMap":{"0":{"loc":{"start":{"line":13,"column":2},"end":{"line":13,"column":null}},"type":"default-arg","locations":[{"start":{"line":13,"column":12},"end":{"line":13,"column":null}}]}},"s":{"0":9,"1":188},"f":{"0":188},"b":{"0":[26]}}
,"/Users/Yemisi/Desktop/lendsqr/lendsqr-dashboard/src/ui/Card/Card.tsx": {"path":"/Users/Yemisi/Desktop/lendsqr/lendsqr-dashboard/src/ui/Card/Card.tsx","statementMap":{"0":{"start":{"line":10,"column":34},"end":{"line":12,"column":null}},"1":{"start":{"line":11,"column":2},"end":{"line":11,"column":null}}},"fnMap":{"0":{"name":"(anonymous_0)","decl":{"start":{"line":10,"column":34},"end":{"line":10,"column":35}},"loc":{"start":{"line":10,"column":63},"end":{"line":12,"column":null}}}},"branchMap":{},"s":{"0":3,"1":19},"f":{"0":19},"b":{}}
,"/Users/Yemisi/Desktop/lendsqr/lendsqr-dashboard/src/ui/Filter/Filter.tsx": {"path":"/Users/Yemisi/Desktop/lendsqr/lendsqr-dashboard/src/ui/Filter/Filter.tsx","statementMap":{"0":{"start":{"line":8,"column":15},"end":{"line":80,"column":null}},"1":{"start":{"line":15,"column":19},"end":{"line":15,"column":null}},"2":{"start":{"line":16,"column":25},"end":{"line":16,"column":null}},"3":{"start":{"line":17,"column":17},"end":{"line":20,"column":null}},"4":{"start":{"line":18,"column":10},"end":{"line":18,"column":null}},"5":{"start":{"line":22,"column":23},"end":{"line":39,"column":null}},"6":{"start":{"line":23,"column":4},"end":{"line":23,"column":null}},"7":{"start":{"line":24,"column":21},"end":{"line":24,"column":null}},"8":{"start":{"line":26,"column":4},"end":{"line":32,"column":null}},"9":{"start":{"line":27,"column":6},"end":{"line":31,"column":null}},"10":{"start":{"line":28,"column":8},"end":{"line":28,"column":null}},"11":{"start":{"line":30,"column":8},"end":{"line":30,"column":null}},"12":{"start":{"line":34,"column":24},"end":{"line":34,"column":null}},"13":{"start":{"line":35,"column":4},"end":{"line":37,"column":null}},"14":{"start":{"line":38,"column":4},"end":{"line":38,"column":null}},"15":{"start":{"line":41,"column":22},"end":{"line":44,"column":null}},"16":{"start":{"line":42,"column":4},"end":{"line":42,"column":null}},"17":{"start":{"line":43,"column":4},"end":{"line":43,"column":null}},"18":{"start":{"line":46,"column":2},"end":{"line":78,"column":null}},"19":{"start":{"line":58,"column":10},"end":{"line":58,"column":null}}},"fnMap":{"0":{"name":"(anonymous_0)","decl":{"start":{"line":8,"column":15},"end":{"line":8,"column":16}},"loc":{"start":{"line":14,"column":6},"end":{"line":80,"column":null}}},"1":{"name":"(anonymous_1)","decl":{"start":{"line":18,"column":4},"end":{"line":18,"column":10}},"loc":{"start":{"line":18,"column":10},"end":{"line":18,"column":null}}},"2":{"name":"(anonymous_2)","decl":{"start":{"line":22,"column":23},"end":{"line":22,"column":24}},"loc":{"start":{"line":22,"column":41},"end":{"line":39,"column":null}}},"3":{"name":"(anonymous_3)","decl":{"start":{"line":26,"column":21},"end":{"line":26,"column":22}},"loc":{"start":{"line":26,"column":37},"end":{"line":32,"column":5}}},"4":{"name":"(anonymous_4)","decl":{"start":{"line":41,"column":22},"end":{"line":41,"column":28}},"loc":{"start":{"line":41,"column":28},"end":{"line":44,"column":null}}},"5":{"name":"(anonymous_5)","decl":{"start":{"line":57,"column":25},"end":{"line":57,"column":26}},"loc":{"start":{"line":58,"column":10},"end":{"line":58,"column":null}}}},"branchMap":{"0":{"loc":{"start":{"line":27,"column":6},"end":{"line":31,"column":null}},"type":"if","locations":[{"start":{"line":27,"column":6},"end":{"line":31,"column":null}},{"start":{"line":29,"column":13},"end":{"line":31,"column":null}}]},"1":{"loc":{"start":{"line":27,"column":10},"end":{"line":27,"column":39}},"type":"binary-expr","locations":[{"start":{"line":27,"column":10},"end":{"line":27,"column":19}},{"start":{"line":27,"column":19},"end":{"line":27,"column":39}}]},"2":{"loc":{"start":{"line":36,"column":6},"end":{"line":36,"column":null}},"type":"cond-expr","locations":[{"start":{"line":36,"column":20},"end":{"line":36,"column":56}},{"start":{"line":36,"column":56},"end":{"line":36,"column":null}}]}},"s":{"0":3,"1":7,"2":7,"3":7,"4":7,"5":7,"6":3,"7":3,"8":3,"9":18,"10":1,"11":17,"12":3,"13":3,"14":3,"15":7,"16":1,"17":1,"18":7,"19":28},"f":{"0":7,"1":7,"2":3,"3":18,"4":1,"5":28},"b":{"0":[1,17],"1":[18,6],"2":[1,2]}}
,"/Users/Yemisi/Desktop/lendsqr/lendsqr-dashboard/src/ui/Input/Input.tsx": {"path":"/Users/Yemisi/Desktop/lendsqr/lendsqr-dashboard/src/ui/Input/Input.tsx","statementMap":{"0":{"start":{"line":13,"column":36},"end":{"line":37,"column":null}},"1":{"start":{"line":21,"column":2},"end":{"line":35,"column":null}}},"fnMap":{"0":{"name":"(anonymous_0)","decl":{"start":{"line":13,"column":36},"end":{"line":13,"column":37}},"loc":{"start":{"line":20,"column":6},"end":{"line":37,"column":null}}}},"branchMap":{"0":{"loc":{"start":{"line":14,"column":2},"end":{"line":14,"column":null}},"type":"default-arg","locations":[{"start":{"line":14,"column":9},"end":{"line":14,"column":null}}]},"1":{"loc":{"start":{"line":29,"column":7},"end":{"line":32,"column":null}},"type":"binary-expr","locations":[{"start":{"line":29,"column":7},"end":{"line":29,"column":null}},{"start":{"line":30,"column":8},"end":{"line":32,"column":null}}]},"2":{"loc":{"start":{"line":31,"column":11},"end":{"line":31,"column":null}},"type":"cond-expr","locations":[{"start":{"line":31,"column":33},"end":{"line":31,"column":42}},{"start":{"line":31,"column":42},"end":{"line":31,"column":null}}]},"3":{"loc":{"start":{"line":34,"column":7},"end":{"line":34,"column":null}},"type":"binary-expr","locations":[{"start":{"line":34,"column":7},"end":{"line":34,"column":16}},{"start":{"line":34,"column":16},"end":{"line":34,"column":null}}]}},"s":{"0":3,"1":39},"f":{"0":39},"b":{"0":[13],"1":[39,14],"2":[14,0],"3":[39,3]}}
,"/Users/Yemisi/Desktop/lendsqr/lendsqr-dashboard/src/ui/Popover/Popover.tsx": {"path":"/Users/Yemisi/Desktop/lendsqr/lendsqr-dashboard/src/ui/Popover/Popover.tsx","statementMap":{"0":{"start":{"line":15,"column":20},"end":{"line":27,"column":null}},"1":{"start":{"line":24,"column":2},"end":{"line":27,"column":null}},"2":{"start":{"line":30,"column":16},"end":{"line":51,"column":null}},"3":{"start":{"line":31,"column":19},"end":{"line":31,"column":null}},"4":{"start":{"line":33,"column":28},"end":{"line":38,"column":null}},"5":{"start":{"line":34,"column":4},"end":{"line":37,"column":null}},"6":{"start":{"line":35,"column":6},"end":{"line":35,"column":null}},"7":{"start":{"line":36,"column":6},"end":{"line":36,"column":null}},"8":{"start":{"line":40,"column":2},"end":{"line":49,"column":null}}},"fnMap":{"0":{"name":"(anonymous_0)","decl":{"start":{"line":15,"column":20},"end":{"line":15,"column":21}},"loc":{"start":{"line":24,"column":2},"end":{"line":27,"column":null}}},"1":{"name":"(anonymous_1)","decl":{"start":{"line":30,"column":16},"end":{"line":30,"column":17}},"loc":{"start":{"line":30,"column":55},"end":{"line":51,"column":null}}},"2":{"name":"(anonymous_2)","decl":{"start":{"line":33,"column":28},"end":{"line":33,"column":34}},"loc":{"start":{"line":33,"column":34},"end":{"line":38,"column":null}}}},"branchMap":{"0":{"loc":{"start":{"line":34,"column":4},"end":{"line":37,"column":null}},"type":"if","locations":[{"start":{"line":34,"column":4},"end":{"line":37,"column":null}},{"start":{},"end":{}}]}},"s":{"0":3,"1":12,"2":3,"3":4,"4":4,"5":2,"6":2,"7":2,"8":4},"f":{"0":12,"1":4,"2":2},"b":{"0":[2,0]}}
,"/Users/Yemisi/Desktop/lendsqr/lendsqr-dashboard/src/ui/SkeletonLoader/SkeletonLoader.tsx": {"path":"/Users/Yemisi/Desktop/lendsqr/lendsqr-dashboard/src/ui/SkeletonLoader/SkeletonLoader.tsx","statementMap":{"0":{"start":{"line":3,"column":23},"end":{"line":41,"column":null}},"1":{"start":{"line":4,"column":2},"end":{"line":39,"column":null}},"2":{"start":{"line":11,"column":12},"end":{"line":11,"column":null}},"3":{"start":{"line":22,"column":14},"end":{"line":22,"column":null}},"4":{"start":{"line":30,"column":12},"end":{"line":36,"column":null}},"5":{"start":{"line":34,"column":18},"end":{"line":34,"column":null}}},"fnMap":{"0":{"name":"(anonymous_0)","decl":{"start":{"line":3,"column":23},"end":{"line":3,"column":29}},"loc":{"start":{"line":3,"column":29},"end":{"line":41,"column":null}}},"1":{"name":"(anonymous_1)","decl":{"start":{"line":10,"column":15},"end":{"line":10,"column":16}},"loc":{"start":{"line":11,"column":12},"end":{"line":11,"column":null}}},"2":{"name":"(anonymous_2)","decl":{"start":{"line":21,"column":17},"end":{"line":21,"column":18}},"loc":{"start":{"line":22,"column":14},"end":{"line":22,"column":null}}},"3":{"name":"(anonymous_3)","decl":{"start":{"line":29,"column":15},"end":{"line":29,"column":16}},"loc":{"start":{"line":30,"column":12},"end":{"line":36,"column":null}}},"4":{"name":"(anonymous_4)","decl":{"start":{"line":33,"column":21},"end":{"line":33,"column":22}},"loc":{"start":{"line":34,"column":18},"end":{"line":34,"column":null}}}},"branchMap":{},"s":{"0":1,"1":1,"2":4,"3":6,"4":7,"5":42},"f":{"0":1,"1":4,"2":6,"3":7,"4":42},"b":{}}
,"/Users/Yemisi/Desktop/lendsqr/lendsqr-dashboard/src/ui/Tab/Tab.tsx": {"path":"/Users/Yemisi/Desktop/lendsqr/lendsqr-dashboard/src/ui/Tab/Tab.tsx","statementMap":{"0":{"start":{"line":11,"column":34},"end":{"line":26,"column":null}},"1":{"start":{"line":12,"column":2},"end":{"line":24,"column":null}},"2":{"start":{"line":15,"column":8},"end":{"line":22,"column":null}},"3":{"start":{"line":19,"column":25},"end":{"line":19,"column":null}}},"fnMap":{"0":{"name":"(anonymous_0)","decl":{"start":{"line":11,"column":34},"end":{"line":11,"column":35}},"loc":{"start":{"line":11,"column":73},"end":{"line":26,"column":null}}},"1":{"name":"(anonymous_1)","decl":{"start":{"line":14,"column":16},"end":{"line":14,"column":17}},"loc":{"start":{"line":15,"column":8},"end":{"line":22,"column":null}}},"2":{"name":"(anonymous_2)","decl":{"start":{"line":19,"column":19},"end":{"line":19,"column":25}},"loc":{"start":{"line":19,"column":25},"end":{"line":19,"column":null}}}},"branchMap":{"0":{"loc":{"start":{"line":18,"column":29},"end":{"line":18,"column":76}},"type":"cond-expr","locations":[{"start":{"line":18,"column":54},"end":{"line":18,"column":74}},{"start":{"line":18,"column":74},"end":{"line":18,"column":76}}]}},"s":{"0":2,"1":9,"2":39,"3":3},"f":{"0":9,"1":39,"2":3},"b":{"0":[8,31]}}
}
